[    0.000000] Initializing cgroup subsys cpuset
[    0.000000] Initializing cgroup subsys cpu
[    0.000000] Initializing cgroup subsys cpuacct
[    0.000000] Linux version 4.4.0-210-generic (buildd@lgw01-amd64-009) (gcc version 5.4.0 20160609 (Ubuntu 5.4.0-6ubuntu1~16.04.12) ) #242-Ubuntu SMP Fri Apr 16 09:57:56 UTC 2021 (Ubuntu 4.4.0-210.242-generic 4.4.262)
[    0.000000] Command line: BOOT_IMAGE=/boot/vmlinuz-4.4.0-210-generic root=LABEL=cloudimg-rootfs ro console=tty1 console=ttyS0
[    0.000000] KERNEL supported cpus:
[    0.000000]   Intel GenuineIntel
[    0.000000]   AMD AuthenticAMD
[    0.000000]   Centaur CentaurHauls
[    0.000000] x86/fpu: Legacy x87 FPU detected.
[    0.000000] e820: BIOS-provided physical RAM map:
[    0.000000] BIOS-e820: [mem 0x0000000000000000-0x000000000009fbff] usable
[    0.000000] BIOS-e820: [mem 0x000000000009fc00-0x000000000009ffff] reserved
[    0.000000] BIOS-e820: [mem 0x00000000000f0000-0x00000000000fffff] reserved
[    0.000000] BIOS-e820: [mem 0x0000000000100000-0x000000003ffeffff] usable
[    0.000000] BIOS-e820: [mem 0x000000003fff0000-0x000000003fffffff] ACPI data
[    0.000000] BIOS-e820: [mem 0x00000000fec00000-0x00000000fec00fff] reserved
[    0.000000] BIOS-e820: [mem 0x00000000fee00000-0x00000000fee00fff] reserved
[    0.000000] BIOS-e820: [mem 0x00000000fffc0000-0x00000000ffffffff] reserved
[    0.000000] NX (Execute Disable) protection: active
[    0.000000] SMBIOS 2.5 present.
[    0.000000] Hypervisor detected: KVM
[    0.000000] e820: last_pfn = 0x3fff0 max_arch_pfn = 0x400000000
[    0.000000] MTRR: Disabled
[    0.000000] x86/PAT: MTRRs disabled, skipping PAT initialization too.
[    0.000000] CPU MTRRs all blank - virtualized system.
[    0.000000] x86/PAT: Configuration [0-7]: WB  WT  UC- UC  WB  WT  UC- UC  
[    0.000000] found SMP MP-table at [mem 0x0009fff0-0x0009ffff] mapped at [ffff88000009fff0]
[    0.000000] Scanning 1 areas for low memory corruption
[    0.000000] RAMDISK: [mem 0x362dc000-0x37165fff]
[    0.000000] ACPI: Early table checksum verification disabled
[    0.000000] ACPI: RSDP 0x00000000000E0000 000024 (v02 VBOX  )
[    0.000000] ACPI: XSDT 0x000000003FFF0030 00003C (v01 VBOX   VBOXXSDT 00000001 ASL  00000061)
[    0.000000] ACPI: FACP 0x000000003FFF00F0 0000F4 (v04 VBOX   VBOXFACP 00000001 ASL  00000061)
[    0.000000] ACPI: DSDT 0x000000003FFF0610 002353 (v02 VBOX   VBOXBIOS 00000002 INTL 20100528)
[    0.000000] ACPI: FACS 0x000000003FFF0200 000040
[    0.000000] ACPI: FACS 0x000000003FFF0200 000040
[    0.000000] ACPI: APIC 0x000000003FFF0240 000054 (v02 VBOX   VBOXAPIC 00000001 ASL  00000061)
[    0.000000] ACPI: SSDT 0x000000003FFF02A0 00036C (v01 VBOX   VBOXCPUT 00000002 INTL 20100528)
[    0.000000] No NUMA configuration found
[    0.000000] Faking a node at [mem 0x0000000000000000-0x000000003ffeffff]
[    0.000000] NODE_DATA(0) allocated [mem 0x3ffeb000-0x3ffeffff]
[    0.000000] kvm-clock: Using msrs 4b564d01 and 4b564d00
[    0.000000] kvm-clock: cpu 0, msr 0:3ffe3001, primary cpu clock
[    0.000000] kvm-clock: using sched offset of 5001663296 cycles
[    0.000000] clocksource: kvm-clock: mask: 0xffffffffffffffff max_cycles: 0x1cd42e4dffb, max_idle_ns: 881590591483 ns
[    0.000000] Zone ranges:
[    0.000000]   DMA      [mem 0x0000000000001000-0x0000000000ffffff]
[    0.000000]   DMA32    [mem 0x0000000001000000-0x000000003ffeffff]
[    0.000000]   Normal   empty
[    0.000000]   Device   empty
[    0.000000] Movable zone start for each node
[    0.000000] Early memory node ranges
[    0.000000]   node   0: [mem 0x0000000000001000-0x000000000009efff]
[    0.000000]   node   0: [mem 0x0000000000100000-0x000000003ffeffff]
[    0.000000] Initmem setup node 0 [mem 0x0000000000001000-0x000000003ffeffff]
[    0.000000] ACPI: PM-Timer IO Port: 0x4008
[    0.000000] IOAPIC[0]: apic_id 1, version 32, address 0xfec00000, GSI 0-23
[    0.000000] ACPI: INT_SRC_OVR (bus 0 bus_irq 0 global_irq 2 dfl dfl)
[    0.000000] ACPI: INT_SRC_OVR (bus 0 bus_irq 9 global_irq 9 low level)
[    0.000000] Using ACPI (MADT) for SMP configuration information
[    0.000000] smpboot: Allowing 1 CPUs, 0 hotplug CPUs
[    0.000000] PM: Registered nosave memory: [mem 0x00000000-0x00000fff]
[    0.000000] PM: Registered nosave memory: [mem 0x0009f000-0x0009ffff]
[    0.000000] PM: Registered nosave memory: [mem 0x000a0000-0x000effff]
[    0.000000] PM: Registered nosave memory: [mem 0x000f0000-0x000fffff]
[    0.000000] e820: [mem 0x40000000-0xfebfffff] available for PCI devices
[    0.000000] Booting paravirtualized kernel on KVM
[    0.000000] clocksource: refined-jiffies: mask: 0xffffffff max_cycles: 0xffffffff, max_idle_ns: 7645519600211568 ns
[    0.000000] setup_percpu: NR_CPUS:512 nr_cpumask_bits:512 nr_cpu_ids:1 nr_node_ids:1
[    0.000000] PERCPU: Embedded 33 pages/cpu @ffff88003fc00000 s95192 r8192 d31784 u2097152
[    0.000000] Built 1 zonelists in Node order, mobility grouping on.  Total pages: 257912
[    0.000000] Policy zone: DMA32
[    0.000000] Kernel command line: BOOT_IMAGE=/boot/vmlinuz-4.4.0-210-generic root=LABEL=cloudimg-rootfs ro console=tty1 console=ttyS0
[    0.000000] PID hash table entries: 4096 (order: 3, 32768 bytes)
[    0.000000] Memory: 997924K/1048120K available (8644K kernel code, 1332K rwdata, 4044K rodata, 1492K init, 1164K bss, 50196K reserved, 0K cma-reserved)
[    0.000000] SLUB: HWalign=64, Order=0-3, MinObjects=0, CPUs=1, Nodes=1
[    0.000000] Kernel/User page tables isolation: enabled
[    0.000000] Hierarchical RCU implementation.
[    0.000000] 	Build-time adjustment of leaf fanout to 64.
[    0.000000] 	RCU restricting CPUs from NR_CPUS=512 to nr_cpu_ids=1.
[    0.000000] RCU: Adjusting geometry for rcu_fanout_leaf=64, nr_cpu_ids=1
[    0.000000] NR_IRQS:33024 nr_irqs:256 16
[    0.000000] Console: colour VGA+ 80x25
[    0.000000] console [tty1] enabled
[    0.000000] console [ttyS0] enabled
[    0.000000] tsc: Detected 1439.952 MHz processor
[    0.672371] Calibrating delay loop (skipped) preset value.. 2879.90 BogoMIPS (lpj=5759808)
[    0.681250] pid_max: default: 32768 minimum: 301
[    0.686094] ACPI: Core revision 20150930
[    0.694237] ACPI: 2 ACPI AML tables successfully acquired and loaded
[    0.701310] Security Framework initialized
[    0.705762] Yama: becoming mindful.
[    0.710014] AppArmor: AppArmor initialized
[    0.714961] Dentry cache hash table entries: 131072 (order: 8, 1048576 bytes)
[    0.724079] Inode-cache hash table entries: 65536 (order: 7, 524288 bytes)
[    0.731664] Mount-cache hash table entries: 2048 (order: 2, 16384 bytes)
[    0.738668] Mountpoint-cache hash table entries: 2048 (order: 2, 16384 bytes)
[    0.746307] Initializing cgroup subsys io
[    0.750936] Initializing cgroup subsys memory
[    0.755892] Initializing cgroup subsys devices
[    0.761129] Initializing cgroup subsys freezer
[    0.765885] Initializing cgroup subsys net_cls
[    0.770740] Initializing cgroup subsys perf_event
[    0.776188] Initializing cgroup subsys net_prio
[    0.780947] Initializing cgroup subsys hugetlb
[    0.785719] Initializing cgroup subsys pids
[    0.796387] mce: CPU supports 0 MCE banks
[    0.800840] process: using mwait in idle threads
[    0.806167] Last level iTLB entries: 4KB 48, 2MB 0, 4MB 0
[    0.811746] Last level dTLB entries: 4KB 256, 2MB 16, 4MB 16, 1GB 0
[    0.818286] Spectre V1 : Mitigation: usercopy/swapgs barriers and __user pointer sanitization
[    0.827591] Spectre V2 : Mitigation: Full generic retpoline
[    0.833609] Spectre V2 : Spectre v2 / SpectreRSB mitigation: Filling RSB on context switch
[    0.843027] MDS: Vulnerable: Clear CPU buffers attempted, no microcode
[    0.934270] Freeing SMP alternatives memory: 36K
[    0.961523] ftrace: allocating 32380 entries in 127 pages
[    1.192573] smpboot: APIC(0) Converting physical 0 to logical package 0
[    1.199711] smpboot: Max logical packages: 1
[    1.205671] x2apic enabled
[    1.210360] Switched APIC routing to physical x2apic.
[    1.220966] ..TIMER: vector=0x30 apic1=0 pin1=2 apic2=-1 pin2=-1
[    1.335107] smpboot: CPU0: Intel(R) Atom(TM) x5-Z8350  CPU @ 1.44GHz (family: 0x6, model: 0x4c, stepping: 0x4)
[    1.345754] Performance Events: unsupported p6 CPU model 76 no PMU driver, software events only.
[    1.390312] KVM setup paravirtual spinlock
[    1.396984] x86: Booted up 1 node, 1 CPUs
[    1.401332] smpboot: Total of 1 processors activated (2879.90 BogoMIPS)
[    1.408908] devtmpfs: initialized
[    1.421297] evm: security.selinux
[    1.425114] evm: security.SMACK64
[    1.430101] evm: security.SMACK64EXEC
[    1.434667] evm: security.SMACK64TRANSMUTE
[    1.439245] evm: security.SMACK64MMAP
[    1.443261] evm: security.ima
[    1.446872] evm: security.capability
[    1.451350] clocksource: jiffies: mask: 0xffffffff max_cycles: 0xffffffff, max_idle_ns: 7645041785100000 ns
[    1.461401] futex hash table entries: 256 (order: 2, 16384 bytes)
[    1.467970] pinctrl core: initialized pinctrl subsystem
[    1.473510] RTC time: 18:39:31, date: 11/04/24
[    1.478776] NET: Registered protocol family 16
[    1.484058] cpuidle: using governor ladder
[    1.488141] cpuidle: using governor menu
[    1.492213] PCCT header not found.
[    1.496357] ACPI: bus type PCI registered
[    1.500691] acpiphp: ACPI Hot Plug PCI Controller Driver version: 0.5
[    1.507276] PCI: Using configuration type 1 for base access
[    1.516434] ACPI: Added _OSI(Module Device)
[    1.520870] ACPI: Added _OSI(Processor Device)
[    1.525518] ACPI: Added _OSI(3.0 _SCP Extensions)
[    1.530445] ACPI: Added _OSI(Processor Aggregator Device)
[    1.538263] ACPI: Executed 1 blocks of module-level executable AML code
[    1.552480] ACPI: Interpreter enabled
[    1.556912] ACPI: (supports S0 S5)
[    1.560861] ACPI: Using IOAPIC for interrupt routing
[    1.567100] PCI: Using host bridge windows from ACPI; if necessary, use "pci=nocrs" and report a bug
[    1.593006] ACPI: PCI Root Bridge [PCI0] (domain 0000 [bus 00-ff])
[    1.599397] acpi PNP0A03:00: _OSC: OS supports [ASPM ClockPM Segments MSI]
[    1.607643] acpi PNP0A03:00: _OSC: not requesting OS control; OS requires [ExtendedConfig ASPM ClockPM MSI]
[    1.619113] acpi PNP0A03:00: fail to add MMCONFIG information, can't access extended PCI configuration space under this bridge.
[    1.632348] PCI host bridge to bus 0000:00
[    1.637314] pci_bus 0000:00: root bus resource [io  0x0000-0x0cf7 window]
[    1.644125] pci_bus 0000:00: root bus resource [io  0x0d00-0xffff window]
[    1.650788] pci_bus 0000:00: root bus resource [mem 0x000a0000-0x000bffff window]
[    1.659527] pci_bus 0000:00: root bus resource [mem 0x40000000-0xfdffffff window]
[    1.668361] pci_bus 0000:00: root bus resource [bus 00-ff]
[    1.681450] pci 0000:00:01.1: legacy IDE quirk: reg 0x10: [io  0x01f0-0x01f7]
[    1.688225] pci 0000:00:01.1: legacy IDE quirk: reg 0x14: [io  0x03f6]
[    1.695133] pci 0000:00:01.1: legacy IDE quirk: reg 0x18: [io  0x0170-0x0177]
[    1.701734] pci 0000:00:01.1: legacy IDE quirk: reg 0x1c: [io  0x0376]
[    1.787353] pci 0000:00:07.0: quirk: [io  0x4000-0x403f] claimed by PIIX4 ACPI
[    1.795465] pci 0000:00:07.0: quirk: [io  0x4100-0x410f] claimed by PIIX4 SMB
[    1.828354] ACPI: PCI Interrupt Link [LNKA] (IRQs 5 9 10 *11)
[    1.836402] ACPI: PCI Interrupt Link [LNKB] (IRQs 5 9 *10 11)
[    1.844408] ACPI: PCI Interrupt Link [LNKC] (IRQs 5 *9 10 11)
[    1.852147] ACPI: PCI Interrupt Link [LNKD] (IRQs 5 9 10 *11)
[    1.859747] ACPI: Enabled 2 GPEs in block 00 to 07
[    1.911449] vgaarb: setting as boot device: PCI:0000:00:02.0
[    1.917247] vgaarb: device added: PCI:0000:00:02.0,decodes=io+mem,owns=io+mem,locks=none
[    1.925986] vgaarb: loaded
[    1.929328] vgaarb: bridge control possible 0000:00:02.0
[    1.935450] SCSI subsystem initialized
[    1.939633] ACPI: bus type USB registered
[    1.944126] usbcore: registered new interface driver usbfs
[    1.949394] usbcore: registered new interface driver hub
[    1.954686] usbcore: registered new device driver usb
[    1.960705] PCI: Using ACPI for IRQ routing
[    1.966119] NetLabel: Initializing
[    1.969666] NetLabel:  domain hash size = 128
[    1.974373] NetLabel:  protocols = UNLABELED CIPSOv4
[    1.979607] NetLabel:  unlabeled traffic allowed by default
[    1.984826] amd_nb: Cannot enumerate AMD northbridges
[    1.990049] clocksource: Switched to clocksource kvm-clock
[    2.022723] AppArmor: AppArmor Filesystem Enabled
[    2.028395] pnp: PnP ACPI init
[    2.035259] pnp: PnP ACPI: found 3 devices
[    2.051999] clocksource: acpi_pm: mask: 0xffffff max_cycles: 0xffffff, max_idle_ns: 2085701024 ns
[    2.062237] NET: Registered protocol family 2
[    2.067076] TCP established hash table entries: 8192 (order: 4, 65536 bytes)
[    2.073381] TCP bind hash table entries: 8192 (order: 5, 131072 bytes)
[    2.079854] TCP: Hash tables configured (established 8192 bind 8192)
[    2.085840] UDP hash table entries: 512 (order: 2, 16384 bytes)
[    2.091755] UDP-Lite hash table entries: 512 (order: 2, 16384 bytes)
[    2.097983] NET: Registered protocol family 1
[    2.102690] pci 0000:00:00.0: Limiting direct PCI/PCI transfers
[    2.108155] pci 0000:00:01.0: Activating ISA DMA hang workarounds
[    2.114837] Unpacking initramfs...
[    2.640873] Freeing initrd memory: 14888K
[    2.646251] clocksource: tsc: mask: 0xffffffffffffffff max_cycles: 0x14c18d8318f, max_idle_ns: 440795250378 ns
[    2.658910] platform rtc_cmos: registered platform RTC device (no PNP device found)
[    2.672788] Scanning for low memory corruption every 60 seconds
[    2.681388] audit: initializing netlink subsys (disabled)
[    2.688090] audit: type=2000 audit(1730745578.714:1): initialized
[    2.695952] Initialise system trusted keyring
[    2.700993] HugeTLB registered 2 MB page size, pre-allocated 0 pages
[    2.711599] zbud: loaded
[    2.715424] VFS: Disk quotas dquot_6.6.0
[    2.719664] VFS: Dquot-cache hash table entries: 512 (order 0, 4096 bytes)
[    2.727168] squashfs: version 4.0 (2009/01/31) Phillip Lougher
[    2.733420] fuse init (API version 7.23)
[    2.738179] Key type big_key registered
[    2.742398] Allocating IMA MOK and blacklist keyrings.
[    2.748822] Key type asymmetric registered
[    2.753498] Asymmetric key parser 'x509' registered
[    2.758890] Block layer SCSI generic (bsg) driver version 0.4 loaded (major 249)
[    2.766986] io scheduler noop registered
[    2.771522] io scheduler deadline registered (default)
[    2.777251] io scheduler cfq registered
[    2.782188] pci_hotplug: PCI Hot Plug PCI Core version: 0.5
[    2.788444] pciehp: PCI Express Hot Plug Controller Driver version: 0.4
[    2.795177] ACPI: AC Adapter [AC] (on-line)
[    2.800030] input: Power Button as /devices/LNXSYSTM:00/LNXPWRBN:00/input/input0
[    2.808314] ACPI: Power Button [PWRF]
[    2.812551] input: Sleep Button as /devices/LNXSYSTM:00/LNXSLPBN:00/input/input1
[    2.820337] ACPI: Sleep Button [SLPF]
[    2.827949] ACPI: Battery Slot [BAT0] (battery present)
[    2.833950] GHES: HEST is not enabled!
[    2.839112] Serial: 8250/16550 driver, 32 ports, IRQ sharing enabled
[    2.869452] 00:02: ttyS0 at I/O 0x3f8 (irq = 4, base_baud = 115200) is a 16550A
[    2.882800] Linux agpgart interface v0.103
[    2.891099] loop: module loaded
[    2.896819] scsi host0: ata_piix
[    2.901077] scsi host1: ata_piix
[    2.904868] ata1: PATA max UDMA/33 cmd 0x1f0 ctl 0x3f6 bmdma 0xd000 irq 14
[    2.911232] ata2: PATA max UDMA/33 cmd 0x170 ctl 0x376 bmdma 0xd008 irq 15
[    2.919417] libphy: Fixed MDIO Bus: probed
[    2.923869] tun: Universal TUN/TAP device driver, 1.6
[    2.928565] tun: (C) 1999-2004 Max Krasnyansky <maxk@qualcomm.com>
[    2.935012] PPP generic driver version 2.4.2
[    2.940423] ehci_hcd: USB 2.0 'Enhanced' Host Controller (EHCI) Driver
[    2.946644] ehci-pci: EHCI PCI platform driver
[    2.951316] ehci-platform: EHCI generic platform driver
[    2.956710] ohci_hcd: USB 1.1 'Open' Host Controller (OHCI) Driver
[    2.962960] ohci-pci: OHCI PCI platform driver
[    2.968294] ohci-platform: OHCI generic platform driver
[    2.974207] uhci_hcd: USB Universal Host Controller Interface driver
[    2.980590] i8042: PNP: PS/2 Controller [PNP0303:PS2K,PNP0f03:PS2M] at 0x60,0x64 irq 1,12
[    2.992614] serio: i8042 KBD port at 0x60,0x64 irq 1
[    3.001993] serio: i8042 AUX port at 0x60,0x64 irq 12
[    3.008243] mousedev: PS/2 mouse device common for all mice
[    3.016499] input: AT Translated Set 2 keyboard as /devices/platform/i8042/serio0/input/input2
[    3.028633] rtc_cmos rtc_cmos: rtc core: registered rtc_cmos as rtc0
[    3.035872] rtc_cmos rtc_cmos: alarms up to one day, 114 bytes nvram
[    3.043640] i2c /dev entries driver
[    3.047994] device-mapper: uevent: version 1.0.3
[    3.053390] device-mapper: ioctl: 4.34.0-ioctl (2015-10-28) initialised: dm-devel@redhat.com
[    3.065948] ledtrig-cpu: registered to indicate activity on CPUs
[    3.074622] NET: Registered protocol family 10
[    3.113052] NET: Registered protocol family 17
[    3.117881] Key type dns_resolver registered
[    3.123239] registered taskstats version 1
[    3.127442] Loading compiled-in X.509 certificates
[    3.135133] Loaded X.509 cert 'Build time autogenerated kernel key: cf00e047681d67edb2720680708b7d9498083038'
[    3.144798] zswap: loaded using pool lzo/zbud
[    3.157510] Key type trusted registered
[    3.177398] Key type encrypted registered
[    3.182096] AppArmor: AppArmor sha1 policy hashing enabled
[    3.187942] ima: No TPM chip found, activating TPM-bypass!
[    3.193577] ima: Allocated hash algorithm: sha1
[    3.198815] evm: HMAC attrs: 0x1
[    3.203225]   Magic number: 0:374:695
[    3.207628] pci 0000:00:00.0: hash matches
[    3.212164] rtc_cmos rtc_cmos: setting system clock to 2024-11-04 18:39:33 UTC (1730745573)
[    3.221382] BIOS EDD facility v0.16 2004-Jun-25, 0 devices found
[    3.227346] EDD information not available.
[    3.236111] Freeing unused kernel memory: 1492K
[    3.240669] Write protecting the kernel read-only data: 14336k
[    3.247914] Freeing unused kernel memory: 1584K
[    3.252996] Freeing unused kernel memory: 52K
Loading, please wait...
starting version 229
[    3.313243] random: systemd-udevd: uninitialized urandom read (16 bytes read, 3 bits of entropy available)
[    3.327276] random: udevadm: uninitialized urandom read (16 bytes read, 3 bits of entropy available)
[    3.336968] random: systemd-udevd: uninitialized urandom read (16 bytes read, 3 bits of entropy available)
[    3.347225] random: udevadm: uninitialized urandom read (16 bytes read, 3 bits of entropy available)
[    3.356516] random: systemd-udevd: uninitialized urandom read (16 bytes read, 3 bits of entropy available)
[    3.374313] random: systemd-udevd: uninitialized urandom read (16 bytes read, 3 bits of entropy available)
[    3.426263] random: systemd-udevd: uninitialized urandom read (16 bytes read, 3 bits of entropy available)
[    3.446392] random: systemd-udevd: uninitialized urandom read (16 bytes read, 3 bits of entropy available)
[    3.463831] random: udevadm: uninitialized urandom read (16 bytes read, 3 bits of entropy available)
[    3.473886] random: systemd-udevd: uninitialized urandom read (16 bytes read, 3 bits of entropy available)
[    3.872001] Fusion MPT base driver 3.04.20
[    3.876339] Copyright (c) 1999-2008 LSI Corporation
[    3.898253] e1000: Intel(R) PRO/1000 Network Driver - version 7.3.21-k8-NAPI
[    3.905018] e1000: Copyright (c) 1999-2006 Intel Corporation.
[    3.990922] Fusion MPT SPI Host driver 3.04.20
[    4.154630] input: ImExPS/2 Generic Explorer Mouse as /devices/platform/i8042/serio1/input/input4
[    4.186813] SSE version of gcm_enc/dec engaged.
[    4.818226] e1000 0000:00:03.0 eth0: (PCI:33MHz:32-bit) 02:be:82:6b:cc:1d
[    4.825876] e1000 0000:00:03.0 eth0: Intel(R) PRO/1000 Network Connection
[    4.840800] e1000 0000:00:03.0 enp0s3: renamed from eth0
[    4.846314] mptbase: ioc0: Initiating bringup
[    4.918970] ioc0: LSI53C1030 A0: Capabilities={Initiator}
[    5.093442] scsi host2: ioc0: LSI53C1030 A0, FwRev=00000000h, Ports=1, MaxQ=256, IRQ=20
[    5.216900] scsi 2:0:0:0: Direct-Access     VBOX     HARDDISK         1.0  PQ: 0 ANSI: 5
[    5.226014] scsi target2:0:0: Beginning Domain Validation
[    5.235710] scsi target2:0:0: Domain Validation skipping write tests
[    5.241781] scsi target2:0:0: Ending Domain Validation
[    5.247451] scsi target2:0:0: asynchronous
[    5.253436] scsi 2:0:1:0: Direct-Access     VBOX     HARDDISK         1.0  PQ: 0 ANSI: 5
[    5.262276] scsi target2:0:1: Beginning Domain Validation
[    5.270883] scsi target2:0:1: Domain Validation skipping write tests
[    5.276966] scsi target2:0:1: Ending Domain Validation
[    5.282311] scsi target2:0:1: asynchronous
[    5.304773] sd 2:0:0:0: Attached scsi generic sg0 type 0
[    5.310558] sd 2:0:0:0: [sda] 83886080 512-byte logical blocks: (42.9 GB/40.0 GiB)
[    5.321957] sd 2:0:1:0: [sdb] 20480 512-byte logical blocks: (10.5 MB/10.0 MiB)
[    5.331180] sd 2:0:1:0: Attached scsi generic sg1 type 0
[    5.337594] sd 2:0:0:0: [sda] Write Protect is off
[    5.342853] sd 2:0:1:0: [sdb] Write Protect is off
[    5.394117] sd 2:0:0:0: [sda] Incomplete mode parameter data
[    5.400350] sd 2:0:0:0: [sda] Assuming drive cache: write through
[    5.406185] sd 2:0:1:0: [sdb] Incomplete mode parameter data
[    5.411614] sd 2:0:1:0: [sdb] Assuming drive cache: write through
[    5.426571]  sda: sda1
[    5.434711] sd 2:0:0:0: [sda] Attached SCSI disk
[    5.439725] sd 2:0:1:0: [sdb] Attached SCSI disk
Begin: Loading essential drivers ... [    8.221412] md: linear personality registered for level -1
[    8.239974] md: multipath personality registered for level -4
[    8.257823] md: raid0 personality registered for level 0
[    8.281284] md: raid1 personality registered for level 1
[    8.374247] raid6: sse2x1   gen()  1201 MB/s
[    8.442092] raid6: sse2x1   xor()  1608 MB/s
[    8.510297] raid6: sse2x2   gen()   448 MB/s
[    8.578280] raid6: sse2x2   xor()  1882 MB/s
[    8.650698] raid6: sse2x4   gen()   920 MB/s
[    8.722958] raid6: sse2x4   xor()  1274 MB/s
[    8.727678] raid6: using algorithm sse2x1 gen() 1201 MB/s
[    8.732728] raid6: .... xor() 1608 MB/s, rmw enabled
[    8.737824] raid6: using ssse3x2 recovery algorithm
[    8.749521] xor: measuring software checksum speed
[    8.794140]    prefetch64-sse:  5535.000 MB/sec
[    8.834724]    generic_sse:  4430.000 MB/sec
[    8.838918] xor: using function: prefetch64-sse (5535.000 MB/sec)
[    8.851425] async_tx: api initialized (async)
[    8.902595] md: raid6 personality registered for level 6
[    8.907976] md: raid5 personality registered for level 5
[    8.913172] md: raid4 personality registered for level 4
[    8.946692] md: raid10 personality registered for level 10
done.
Begin: Running /scripts/init-premount ... done.
Begin: Mounting root file system ... Begin: Running /scripts/local-top ... done.
Begin: Running /scripts/local-premount ... [    9.094866] Btrfs loaded
Scanning for Btrfs filesystems
done.
Warning: fsck not present, so skipping root file system
[    9.327519] EXT4-fs (sda1): mounted filesystem with ordered data mode. Opts: (null)
done.
Begin: Running /scripts/local-bottom ... done.
Begin: Running /scripts/init-bottom ... done.
[   10.241710] systemd[1]: systemd 229 running in system mode. (+PAM +AUDIT +SELINUX +IMA +APPARMOR +SMACK +SYSVINIT +UTMP +LIBCRYPTSETUP +GCRYPT +GNUTLS +ACL +XZ -LZ4 +SECCOMP +BLKID +ELFUTILS +KMOD -IDN)
[   10.260020] systemd[1]: Detected virtualization oracle.
[   10.265731] systemd[1]: Detected architecture x86-64.

Welcome to [1mUbuntu 16.04.7 LTS[0m!

[   10.302398] systemd[1]: Set hostname to <ubuntu>.
[   10.333388] systemd[1]: Initializing machine ID from random generator.
[   10.340434] systemd[1]: Installed transient /etc/machine-id file.
[   10.441560] random: nonblocking pool is initialized
[   11.556660] systemd[1]: Listening on Journal Socket.
[[0;32m  OK  [0m] Listening on Journal Socket.
[   11.569121] systemd[1]: Created slice System Slice.
[[0;32m  OK  [0m] Created slice System Slice.
[   11.582886] systemd[1]: Starting Create list of required static device nodes for the current kernel...
         Starting Create list of required st... nodes for the current kernel...
[   11.604174] systemd[1]: Starting Nameserver information manager...
         Starting Nameserver information manager...
[   11.669756] systemd[1]: Starting Load Kernel Modules...
         Starting Load Kernel Modules...
[   11.700323] systemd[1]: Created slice User and Session Slice.
[[0;32m  OK  [0m] Created slice User and Session Slice.
[   11.711743] systemd[1]: Reached target Slices.
[[0;32m  OK  [0m] Reached target Slices.
[   11.730847] systemd[1]: Reached target System Time Synchronized.
[[0;32m  OK  [0m] Reached target System Time Synchronized.
[   11.746990] systemd[1]: Reached target Swap.
[[0;32m  OK  [0m] Reached target Swap.
[   11.759808] systemd[1]: Mounting Huge Pages File System...
         Mounting Huge Pages File System...
[   11.786766] systemd[1]: Listening on /dev/initctl Compatibility Named Pipe.
[[0;32m  OK  [0m] Listening on /dev/initctl Compatibility Named Pipe.[   11.813855] Loading iSCSI transport class v2.0-870.

[   11.824519] systemd[1]: Mounting POSIX Message Queue File System...
         Mounting POSIX Message Queue File System...
[   11.852888] systemd[1]: Listening on LVM2 poll daemon socket.
[[0;32m  OK  [0m] Listening on LVM2 poll daemon socket.
[   11.879300] systemd[1]: Started Trigger resolvconf update for networkd DNS.
[[0;32m  OK  [0m] Started Trigger resolvconf update for networkd DNS.
[   11.904849] iscsi: registered transport (tcp)
[   11.912424] systemd[1]: Created slice system-serial\x2dgetty.slice.
[[0;32m  OK  [0m] Created slice system-serial\x2dgetty.slice.
[   11.926432] systemd[1]: Reached target Encrypted Volumes.
[[0;32m  OK  [0m] Reached target Encrypted Volumes.
[   11.947802] systemd[1]: Listening on Journal Socket (/dev/log).
[[0;32m  OK  [0m] Listening on Journal Socket (/dev/log).
[   11.975449] systemd[1]: Starting Uncomplicated firewall...
         Starting Uncomplicated firewall...
[   12.003080] systemd[1]: Listening on udev Control Socket.
[[0;32m  OK  [0m] Listening on udev Control Socket.
[   12.019659] systemd[1]: Listening on Journal Audit Socket.
[[0;32m  OK  [0m] Listening on Journal Audit Socket.
[   12.032217] systemd[1]: Listening on fsck to fsckd communication Socket.
[[0;32m  OK  [0m] Listening on fsck to fsckd communication Socket.
[   12.061868] systemd[1]: Starting File System Check on Root Device...
         Starting File System Check on Root Device...
[   12.090242] systemd[1]: Listening on Device-mapper event daemon FIFOs.
[[0;32m  OK  [0m] Listening on Device-mapper event daemon FIFOs.
[   12.113145] systemd[1]: Set up automount Arbitrary Executable File Formats File System Automount Point.
[[0;32m  OK  [0m] Set up automount Arbitrary Executab...ats File System Automount Point.
[   12.185240] systemd[1]: Listening on udev Kernel Socket.
[[0;32m  OK  [0m] Listening on udev Kernel Socket.
[   12.203987] systemd[1]: Mounting Debug File System...
         Mounting Debug File System...
[   12.226758] systemd[1]: Started Forward Password Requests to Wall Directory Watch.
[   12.248098] iscsi: registered transport (iser)
[[0;32m  OK  [0m] Started Forward Password Requests to Wall Directory Watch.
[   12.259371] systemd[1]: Listening on Syslog Socket.
[[0;32m  OK  [0m] Listening on Syslog Socket.
[   12.284913] systemd[1]: Starting Journal Service...
         Starting Journal Service...
[   12.302531] systemd[1]: Reached target User and Group Name Lookups.
[[0;32m  OK  [0m] Reached target User and Group Name Lookups.
[   12.334302] systemd[1]: Starting Set console keymap...
         Starting Set console keymap...
[   12.350544] systemd[1]: Listening on LVM2 metadata daemon socket.
[[0;32m  OK  [0m] Listening on LVM2 metadata daemon socket.
[   12.365867] systemd[1]: Starting Monitoring of LVM2 mirrors, snapshots etc. using dmeventd or progress polling...
         Starting Monitoring of LVM2 mirrors... dmeventd or progress polling...
[   12.403803] systemd[1]: Mounted Huge Pages File System.
[[0;32m  OK  [0m] Mounted Huge Pages File System.
[   12.427717] systemd[1]: Mounted POSIX Message Queue File System.
[[0;32m  OK  [0m] Mounted POSIX Message Queue File System.
[   12.446852] systemd[1]: Mounted Debug File System.
[[0;32m  OK  [0m] Mounted Debug File System.
[   12.462859] systemd[1]: Started Create list of required static device nodes for the current kernel.
[[0;32m  OK  [0m] Started Create list of required sta...ce nodes for the current kernel.
[   12.506369] systemd[1]: Started Load Kernel Modules.
[[0;32m  OK  [0m] Started Load Kernel Modules.
[   12.537877] systemd[1]: Started Uncomplicated firewall.
[[0;32m  OK  [0m] Started Uncomplicated firewall.
[   12.564720] systemd[1]: Started File System Check on Root Device.
[[0;32m  OK  [0m] Started File System Check on Root Device.
[   12.595935] systemd[1]: Started Nameserver information manager.
[[0;32m  OK  [0m] Started Nameserver information manager.
[   12.669202] systemd[1]: Started File System Check Daemon to report status.
[[0;32m  OK  [0m] Started File System Check Daemon to report status.
[   12.702041] systemd[1]: Starting Remount Root and Kernel File Systems...
         Starting Remount Root and Kernel File Systems...
[   12.737880] systemd[1]: Mounting FUSE Control File System...
         Mounting FUSE Control File System...
[   12.774351] systemd[1]: Starting Apply Kernel Variables...
         Starting Apply Kernel Variables...
[   12.820127] systemd[1]: Starting Create Static Device Nodes in /dev...
         Starting Create Static Device Nodes in /dev...
[   12.856999] systemd[1]: Mounted FUSE Control File System.
[[0;32m  OK  [0m] Mounted FUSE Control File System.
[   12.886539] EXT4-fs (sda1): re-mounted. Opts: (null)
[   12.894860] systemd[1]: Started LVM2 metadata daemon.
[[0;32m  OK  [0m] Started LVM2 metadata daemon.
[[0;32m  OK  [0m] Started Apply Kernel Variables.
[[0;32m  OK  [0m] Started Remount Root and Kernel File Systems.
         Starting Load/Save Random Seed...
         Starting udev Coldplug all Devices...
[[0;32m  OK  [0m] Started Journal Service.
         Starting Flush Journal to Persistent Storage...
[[0;32m  OK  [0m] Started Load/Save Random Seed.
[[0;32m  OK  [0m] Started Flush Journal to Persistent Storage.
[[0;32m  OK  [0m] Started Create Static Device Nodes in /dev.
         Starting udev Kernel Device Manager...
[[0;32m  OK  [0m] Started Monitoring of LVM2 mirrors,...ng dmeventd or progress polling.
[[0;32m  OK  [0m] Started udev Kernel Device Manager.
[[0;32m  OK  [0m] Started Set console keymap.
[[0;32m  OK  [0m] Reached target Local File Systems (Pre).
[[0;32m  OK  [0m] Reached target Local File Systems.
         Starting Initial cloud-init job (pre-networking)...
         Starting Set console font and keymap...
         Starting Create Volatile Files and Directories...
         Starting Tell Plymouth To Write Out Runtime Data...
         Starting LSB: AppArmor initialization...
         Starting Commit a transient machine-id on disk...
[[0;32m  OK  [0m] Started udev Coldplug all Devices.
[[0;32m  OK  [0m] Started Dispatch Password Requests to Console Directory Watch.
[[0;32m  OK  [0m] Started Commit a transient machine-id on disk.
[[0;32m  OK  [0m] Started Tell Plymouth To Write Out Runtime Data.
[[0;32m  OK  [0m] Started Create Volatile Files and Directories.
         Starting Update UTMP about System Boot/Shutdown...
[[0;32m  OK  [0m] Started Update UTMP about System Boot/Shutdown.
[[0;32m  OK  [0m] Found device /dev/ttyS0.
[[0;32m  OK  [0m] Listening on Load/Save RF Kill Switch Status /dev/rfkill Watch.
[   26.010044] cloud-init[[0;32m  OK  [0m[490]: Cloud-init v. 21.1-19-gbad84ad4-0ubuntu1~16.04.2 running 'init-local' at Mon, 04 Nov 2024 18:39:53 +0000. Up 21.93 seconds.] Started Set console font and keymap.
[[0;32m  OK  [0m] Created slice system-getty.slice.

[[0;32m  OK  [0m] Started Initial cloud-init job (pre-networking).
[[0;32m  OK  [0m] Reached target Network (Pre).
[[0;32m  OK  [0m] Started LSB: AppArmor initialization.
         Starting Load AppArmor profiles managed internally by snapd...
         Starting Raise network interfaces...
[[0;32m  OK  [0m] Started Load AppArmor profiles managed internally by snapd.
[[0;32m  OK  [0m] Started Raise network interfaces.
[[0;32m  OK  [0m] Reached target Network.
         Starting Initial cloud-init job (metadata service crawler)...
[   35.772227] cloud-init[965]: Cloud-init v. 21.1-19-gbad84ad4-0ubuntu1~16.04.2 running 'init' at Mon, 04 Nov 2024 18:40:02 +0000. Up 31.49 seconds.
[   35.786241] cloud-init[965]: ci-info: ++++++++++++++++++++++++++++++++++++++Net device info++++++++++++++++++++++++++++++++++++++
[   35.801381] cloud-init[965]: ci-info: +--------+------+----------------------------+---------------+--------+-------------------+
[   35.814081] cloud-init[965]: ci-info: | Device |  Up  |          Address           |      Mask     | Scope  |     Hw-Address    |
[   35.829184] cloud-init[965]: ci-info: +--------+------+----------------------------+---------------+--------+-------------------+
[   35.845021] cloud-init[965]: ci-info: | enp0s3 | True |         10.0.2.15          | 255.255.255.0 | global | 02:be:82:6b:cc:1d |
[   35.865569] cloud-init[965]: ci-info: | enp0s3 | True | fe80::be:82ff:fe6b:cc1d/64 |       .       |  link  | 02:be:82:6b:cc:1d |
[   35.885631] cloud-init[965]: ci-info: |   lo   | True |         127.0.0.1          |   255.0.0.0   |  host  |         .         |
[   35.897156] cloud-init[965]: ci-info: |   lo   | True |          ::1/128           |       .       |  host  |         .         |
[   35.913258] cloud-init[965]: ci-info: +--------+------+----------------------------+---------------+--------+-------------------+
[   35.927460] cloud-init[965]: ci-info: +++++++++++++++++++++++++++Route IPv4 info++++++++++++++++++++++++++++
[   35.942347] cloud-init[965]: ci-info: +-------+-------------+----------+---------------+-----------+-------+
[   35.958385] cloud-init[965]: ci-info: | Route | Destination | Gateway  |    Genmask    | Interface | Flags |
[   35.973403] cloud-init[965]: ci-info: +-------+-------------+----------+---------------+-----------+-------+
[   35.986615] cloud-init[965]: ci-info: |   0   |   0.0.0.0   | 10.0.2.2 |    0.0.0.0    |   enp0s3  |   UG  |
[   36.002150] cloud-init[965]: ci-info: |   1   |   10.0.2.0  | 0.0.0.0  | 255.255.255.0 |   enp0s3  |   U   |
[   36.008671] cloud-init[965]: ci-info: +-------+-------------+----------+---------------+-----------+-------+
[   36.029442] cloud-init[965]: ci-info: +++++++++++++++++++Route IPv6 info+++++++++++++++++++
[   36.045800] cloud-init[965]: ci-info: +-------+-------------+---------+-----------+-------+
[   36.055622] cloud-init[965]: ci-info: | Route | Destination | Gateway | Interface | Flags |
[   36.069159] cloud-init[965]: ci-info: +-------+-------------+---------+-----------+-------+
[   36.089555] cloud-init[965]: ci-info: |   0   |  fe80::/64  |    ::   |   enp0s3  |   U   |
[   36.128297] cloud-init[965]: ci-info: |   4   |   ff00::/8  |    ::   |   enp0s3  |   U   |
[   36.145182] cloud-init[965]: ci-info: +-------+-------------+---------+-----------+-------+
[   36.158057] cloud-init[965]: Generating public/private rsa key pair.
[   36.170062] cloud-init[965]: Your identification has been saved in /etc/ssh/ssh_host_rsa_key.
[   36.184294] cloud-init[965]: Your public key has been saved in /etc/ssh/ssh_host_rsa_key.pub.
[   36.194040] cloud-init[965]: The key fingerprint is:
[   36.202776] cloud-init[965]: SHA256:8ud1LixjiRMjJawZ1SRvLB8ryFUhybdBYLyq5umf1Ew root@ubuntu-xenial
[   36.217232] cloud-init[965]: The key's randomart image is:
[   36.233881] cloud-init[965]: +---[RSA 2048]----+
[   36.249844] cloud-init[965]: |     o=*=.       |
[   36.264747] cloud-init[965]: |     .=*+        |
[   36.273813] cloud-init[965]: |     ooo=o       |
[   36.282818] cloud-init[965]: |   ..o++oo       |
[   36.297566] cloud-init[965]: |    o=EoS        |
[   36.307418] cloud-init[965]: |    ++.+o        |
[   36.317165] cloud-init[965]: |   .. o..+.o. .  |
[[0;32m  OK  [0m] Started Initial cloud-init job (metadata service crawler).
[[0;32m  OK  [0m[   36.329056] cloud-init[965]: |  oo .  oo=.oo   |
[   36.335421] cloud-init] Reached target System Initialization.
[[0;32m  OK  [0m[965]: | ++.o    o.o ..  |
[   36.342416] cloud-init[965]: +----[SHA256]-----+] Listening on D-Bus System Message Bus Socket.
[
[   36.349422] cloud-init[965]: Generating public/private dsa key pair.[0;32m  OK  [0m] Started Ubuntu Advantage update messaging.

[   36.357673] cloud-init[965]: Your identification has been saved in /etc/ssh/ssh_host_dsa_key.[[0;32m  OK  [0m] Started Message of the Day.
[   36.365183] cloud-init[965]: Your public key has been saved in /etc/ssh/ssh_host_dsa_key.pub.

[[0;32m  OK  [0m] Started ACPI Events Check.
[   36.371076] cloud-init[965]: The key fingerprint is:
[   36.379633] [[0;32m  OK  [0m] Reached target Paths.
[cloud-init[965]: SHA256:ugPVgm0tSow2Y3gT3vPMv6QjGDzW+6RZtzQLeZSzTaY root@ubuntu-xenial
[0;32m  OK  [0m] Listening on ACPID Listen Socket.
[[0;32m  OK  [0m] Listening on UUID daemon activation socket.
[   36.397406] cloud-init[965]: The key's randomart image is:         Starting Socket activation for snappy daemon.

[   36.406169] cloud-init[965]: +---[DSA 1024]----+
[   36.411969] cloud-init[965]: |                 |
[   36.416865] cloud-init[965]: |  .              |
[   36.420693] cloud-init[965]: | o = o o         |
[   36.424929] cloud-init[965]: |. X * * o.       |
[   36.429124] cloud-init[965]: | = * O oS o      |
[   36.433865] cloud-init[965]: |  = + ++ B       |
[   36.438438] cloud-init[965]: | . + o*.E .      |
[   36.442552] cloud-init[965]: |  . o=oO.+       |
[   36.446874] cloud-init         Starting LXD - unix socket.[965]: |    oo+o+.       |
[   36.458047] cloud-init[965]: +----[SHA256]-----+
[[0;32m  OK  [0m] Started Daily Cleanup of Temporary Directories.

[   36.465481] cloud-init[965]: Generating public/private ecdsa key pair.[[0;32m  OK  [0m] Started Daily apt download activities.
[   36.474238] cloud-init[965]: Your identification has been saved in /etc/ssh/ssh_host_ecdsa_key.
[[0;32m  OK  [0m] 
[   36.481331] cloud-init[965]: Your public key has been saved in /etc/ssh/ssh_host_ecdsa_key.pub.Started Daily apt upgrade and clean activities.
[[0;32m  OK  [0m
[   36.489700] cloud-init[965]: The key fingerprint is:] Reached target Timers.
[[0;32m  OK  [0m] Reached target Network is Online.
[   36.497620] cloud-init[965]: SHA256:M0+/l6uK52hTR5IBqLHbk/f5+FkuAEqv4kEXVfPO/sA root@ubuntu-xenial

[   36.508778] cloud-init[965]: The key's randomart image is:
[   36.519335] cloud-init         Starting iSCSI initiator daemon (iscsid)...
[[0;32m  OK  [0m] Reached target Cloud-config availability.
[965]: +---[ECDSA 256]---+
[[0;32m  OK  [0m] Listening on Socket activation for snappy daemon.[   36.549685] cloud-init[965]: |       .ooo      |

[[0;32m  OK  [0m] Listening on LXD - unix socket.[   36.558723] 
[[0;32m  OK  [0m] Reached target Sockets.
cloud-init[965]: |    . ..  .o     |
[[0;32m  OK  [0m] Reached target Basic System.
[   36.568892] cloud-init[965]: |     +.    o.    |         Starting Virtualbox guest utils...

         Starting LSB: Record successful boot for GRUB...
[[0;32m  OK  [0m] Started D-Bus System Message Bus.
[   36.599843] cloud-init[965]: |    o ... oo.    |
[   36.673434] cloud-init[965]: |    .+.+S..oo    |
[   36.692798] cloud-init[965]: |   ...= o=o+.    |
[   36.709917] cloud-init[965]: |    .  + o.+E .. |
[   36.721463] cloud-init[965]: |    ... oo+..Bo  |
[   36.730312] cloud-init[965]: |   ... .o+++*++. |
[   36.743499] cloud-init[965]: +----[SHA256]-----+
[   36.748321] cloud-init[965]: Generating public/private ed25519 key pair.
[   36.757010] cloud-init[965]: Your identification has been saved in /etc/ssh/ssh_host_ed25519_key.
[   36.762637] cloud-init[965]: Your public key has been saved in /etc/ssh/ssh_host_ed25519_key.pub.
[   36.769302] cloud-init[965]: The key fingerprint is:
[   36.774032] cloud-init[965]: SHA256:3ipzJrcwgPK6zwxAIlp12Sfpm36cyZCrY9Rae12fcFk root@ubuntu-xenial
[   36.783820] cloud-init[965]: The key's randomart image is:
[   36.788520] cloud-init[965]: +--[ED25519 256]--+
[   36.794288] cloud-init[965]: |    . .o .       |
[   36.803412] cloud-init[965]: |   . .. + .      |
[   36.814651] cloud-init[965]: |o..    . o       |
[   36.822163] cloud-init[965]: |=. .    .       E|
[   36.829644] cloud-init[965]: |+ . .  .S+      o|
[   36.836613] cloud-init[965]: |.o   ...B.   ..o |
[   36.845644] cloud-init[965]: |. .  .o+.*.+ .o..|
[   36.849437] cloud-init[965]: | =    BoB.B .  ..|
[   36.854718] cloud-init[965]: |oo+  ..Xo+       |
[   36.858740] cloud-init[965]: +----[SHA256]-----+
         Starting Pollinate to seed the pseudo random number generator...
[[0;32m  OK  [0m] Started Deferred execution scheduler.
[[0;32m  OK  [0m] Started Regular background program processing daemon.
         Starting Login Service...
[[0;32m  OK  [0m] Started ACPI event daemon.
[[0;32m  OK  [0m] Started FUSE filesystem for LXC.
         Starting LSB: MD monitoring daemon...
         Starting /etc/rc.local Compatibility...
         Starting LXD - container startup/shutdown...
         Starting Accounts Service...
         Starting System Logging Service...
         Starting Snap Daemon...
[[0;32m  OK  [0m] Started /etc/rc.local Compatibility.
[[0;32m  OK  [0m] Started Login Service.
[[0;32m  OK  [0m] Started Unattended Upgrades Shutdown.
[[0;32m  OK  [0m] Started iSCSI initiator daemon (iscsid).
         Starting Login to default iSCSI targets...
[[0;32m  OK  [0m] Started LSB: Record successful boot for GRUB.
[[0;32m  OK  [0m] Started LSB: MD monitoring daemon.
[[0;32m  OK  [0m] Started System Logging Service.
[[0;32m  OK  [0m] Started Login to default iSCSI targets.
[[0;32m  OK  [0m] Reached target Remote File Systems (Pre).
[[0;32m  OK  [0m] Reached target Remote File Systems.
         Starting LSB: automatic crash report generation...
         Starting LSB: Set the CPU Frequency Scaling governor to "ondemand"...
         Starting LSB: daemon to balance interrupts for SMP systems...
         Starting Permit User Sessions...
[[0;32m  OK  [0m] Started LSB: Set the CPU Frequency Scaling governor to "ondemand".
[[0;32m  OK  [0m] Started Permit User Sessions.
         Starting Hold until boot process finishes up...
         Starting Terminate Plymouth Boot Screen...
[[0;32m  OK  [0m] Started Terminate Plymouth Boot Screen.
[[0;32m  OK  [0m] Started Hold until boot process finishes up.
         Starting Set console scheme...
[[0;32m  OK  [0m] Started Getty on tty1.
[[0;32m  OK  [0m] Started Serial Getty on ttyS0.
[[0;32m  OK  [0m] Reached target Login Prompts.
[[0;32m  OK  [0m] Started Set console scheme.
[[0;32m  OK  [0m] Started LSB: automatic crash report generation.
[[0;32m  OK  [0m] Started LSB: daemon to balance interrupts for SMP systems.
[[0;32m  OK  [0m] Started Virtualbox guest utils.
         Starting Authenticate and Authorize Users to Run Privileged Tasks...
[[0;32m  OK  [0m] Started Authenticate and Authorize Users to Run Privileged Tasks.
[[0;32m  OK  [0m] Started Accounts Service.
[[0;32m  OK  [0m] Started LXD - container startup/shutdown.

Ubuntu 16.04.7 LTS ubuntu-xenial ttyS0

ubuntu-xenial login: [   86.704418] cloud-init[1727]: Generating locales (this might take a while)...
[   90.844511] cloud-init[1727]:   en_US.UTF-8... done
[   90.851651] cloud-init[1727]: Generation complete.
[   93.112916] cloud-init[1727]: Cloud-init v. 21.1-19-gbad84ad4-0ubuntu1~16.04.2 running 'modules:config' at Mon, 04 Nov 2024 18:40:57 +0000. Up 86.03 seconds.
ci-info: no authorized SSH keys fingerprints found for user ubuntu.
<14>Nov  4 18:41:06 ec2: 
<14>Nov  4 18:41:06 ec2: #############################################################
<14>Nov  4 18:41:06 ec2: -----BEGIN SSH HOST KEY FINGERPRINTS-----
<14>Nov  4 18:41:06 ec2: 1024 SHA256:ugPVgm0tSow2Y3gT3vPMv6QjGDzW+6RZtzQLeZSzTaY root@ubuntu-xenial (DSA)
<14>Nov  4 18:41:06 ec2: 256 SHA256:M0+/l6uK52hTR5IBqLHbk/f5+FkuAEqv4kEXVfPO/sA root@ubuntu-xenial (ECDSA)
<14>Nov  4 18:41:06 ec2: 256 SHA256:3ipzJrcwgPK6zwxAIlp12Sfpm36cyZCrY9Rae12fcFk root@ubuntu-xenial (ED25519)
<14>Nov  4 18:41:06 ec2: 2048 SHA256:8ud1LixjiRMjJawZ1SRvLB8ryFUhybdBYLyq5umf1Ew root@ubuntu-xenial (RSA)
<14>Nov  4 18:41:06 ec2: -----END SSH HOST KEY FINGERPRINTS-----
<14>Nov  4 18:41:06 ec2: #############################################################
-----BEGIN SSH HOST KEY KEYS-----
ecdsa-sha2-nistp256 AAAAE2VjZHNhLXNoYTItbmlzdHAyNTYAAAAIbmlzdHAyNTYAAABBBCNuAeUI6jlz/6LN4tbuDxz6xnHZroo5SnDNDHmHDLWmu3ex+crozC4Eec2X5n6/PWtkFoRG2vfZAbVzC4CLYDE= root@ubuntu-xenial
ssh-ed25519 AAAAC3NzaC1lZDI1NTE5AAAAIE90IQs2dDVfLXbo8WDHOuuaZ8aYPywdtMxO3cWwlLbJ root@ubuntu-xenial
ssh-rsa AAAAB3NzaC1yc2EAAAADAQABAAABAQCpK2Y1FLT6NBICKLXzOgeVFbths+8F2VNcTcT1udEJohOfxtKFXF6L82o84rnURbX3Nxx/Thvyawc8vGFRXekdExDwpCdX+xj4nayZduRGq4X17zHE1BYhIu+gIj5nkolMbsh/lJGuRmrUk6t8AdTb1SE53oD84evblTmeml1phsn8aF8CTUrJXeo9iyc+GKmqje3yeAwY8+fNLxJMYB1IjKohfe0OwfLfhAcFjTuiivrlVMnrLmrZ2uJBgdv2UyS/btZIXtDTNAHcsW/pTX/BlUK2kkV151UeVZOiEJt2Kd5/2up0dbRYs+HW90NesrpeL7Rqyg+Exa8ljB2+D3MP root@ubuntu-xenial
-----END SSH HOST KEY KEYS-----
[   95.803634] cloud-init[1772]: Cloud-init v. 21.1-19-gbad84ad4-0ubuntu1~16.04.2 running 'modules:final' at Mon, 04 Nov 2024 18:41:06 +0000. Up 94.93 seconds.
[   95.816331] cloud-init[1772]: ci-info: no authorized SSH keys fingerprints found for user ubuntu.
[   95.825735] cloud-init[1772]: Cloud-init v. 21.1-19-gbad84ad4-0ubuntu1~16.04.2 finished at Mon, 04 Nov 2024 18:41:07 +0000. Datasource DataSourceNoCloud [seed=/dev/sdb][dsmode=net].  Up 95.75 seconds
[[0;32m  OK  [0m] Stopped Unattended Upgrades Shutdown.
[[0;32m  OK  [0m] Closed Load/Save RF Kill Switch Status /dev/rfkill Watch.
         Stopping ACPI event daemon...
         Stopping Authenticate and Authorize Users to Run Privileged Tasks...
[[0;32m  OK  [0m] Stopped target Timers.
[[0;32m  OK  [0m] Stopped Daily apt upgrade and clean activities.
[[0;32m  OK  [0m] Stopped Ubuntu Advantage update messaging.
         Stopping Session 4 of user vagrant.
[[0;32m  OK  [0m] Stopped Daily Cleanup of Temporary Directories.
         Stopping User Manager for UID 1000...
[[0;32m  OK  [0m] Stopped Daily apt download activities.
[[0;32m  OK  [0m] Stopped target Graphical Interface.
[[0;32m  OK  [0m] Stopped Message of the Day.
[[0;32m  OK  [0m] Stopped target System Time Synchronized.
         Stopping Accounts Service...
[[0;32m  OK  [0m] Stopped target Cloud-init target.
[[0;32m  OK  [0m] Stopped Execute cloud user/final scripts.
[[0;32m  OK  [0m] Stopped Apply the settings specified in cloud-config.
[[0;32m  OK  [0m] Stopped target Cloud-config availability.
[[0;32m  OK  [0m] Stopped target Multi-User System.
         Stopping LSB: daemon to balance interrupts for SMP systems...
         Stopping LSB: Set the CPU Frequency Scaling governor to "ondemand"...
         Stopping OpenBSD Secure Shell server...
         Stopping FUSE filesystem for LXC...
         Stopping Regular background program processing daemon...
         Stopping LSB: MD monitoring daemon...
         Stopping Deferred execution scheduler...
         Stopping System Logging Service...
[[0;32m  OK  [0m] Stopped Wait until snapd is fully seeded.
         Stopping D-Bus System Message Bus...
         Stopping Virtualbox guest utils...
         Stopping LSB: automatic crash report generation...
         Stopping LSB: Record successful boot for GRUB...
         Stopping LXD - container startup/shutdown...
[[0;32m  OK  [0m] Stopped target Login Prompts.
         Stopping Getty on tty1...
         Stopping Serial Getty on ttyS0...
[[0;32m  OK  [0m] Unmounted /var/lib/lxcfs.
[[0;32m  OK  [0m] Stopped Deferred execution scheduler.
[[0;32m  OK  [0m] Stopped Regular background program processing daemon.
[[0;32m  OK  [0m] Stopped ACPI event daemon.
[[0;32m  OK  [0m] Stopped Accounts Service.
[[0;32m  OK  [0m] Stopped System Logging Service.
[[0;32m  OK  [0m] Stopped Getty on tty1.
[[0;32m  OK  [0m] Stopped Serial Getty on ttyS0.
[[0;32m  OK  [0m] Stopped Authenticate and Authorize Users to Run Privileged Tasks.
[[0;32m  OK  [0m] Stopped OpenBSD Secure Shell server.
[[0;32m  OK  [0m] Stopped User Manager for UID 1000.
[[0;32m  OK  [0m] Stopped Session 4 of user vagrant.
[[0;32m  OK  [0m] Stopped D-Bus System Message Bus.
[[0;32m  OK  [0m] Stopped FUSE filesystem for LXC.
[[0;32m  OK  [0m] Stopped LXD - container startup/shutdown.
[[0;32m  OK  [0m] Removed slice User Slice of vagrant.
         Stopping Login Service...
[[0;32m  OK  [0m] Removed slice system-serial\x2dgetty.slice.
[[0;32m  OK  [0m] Removed slice system-getty.slice.
[[0;32m  OK  [0m] Stopped /etc/rc.local Compatibility.
         Stopping Permit User Sessions...
[[0;32m  OK  [0m] Stopped Login Service.
[[0;32m  OK  [0m] Stopped LSB: daemon to balance interrupts for SMP systems.
[[0;32m  OK  [0m] Stopped LSB: Set the CPU Frequency Scaling governor to "ondemand".
[[0;32m  OK  [0m] Stopped LSB: automatic crash report generation.
[[0;32m  OK  [0m] Stopped LSB: MD monitoring daemon.
[[0;32m  OK  [0m] Stopped LSB: Record successful boot for GRUB.
[[0;32m  OK  [0m] Stopped Permit User Sessions.
[[0;32m  OK  [0m] Stopped target Remote File Systems.
[[0;32m  OK  [0m] Stopped target Remote File Systems (Pre).
         Stopping Login to default iSCSI targets...
[[0;32m  OK  [0m] Stopped target User and Group Name Lookups.
[[0;32m  OK  [0m] Stopped Virtualbox guest utils.
[[0;32m  OK  [0m] Stopped target Basic System.
[[0;32m  OK  [0m] Stopped target Slices.
[[0;32m  OK  [0m] Removed slice User and Session Slice.
[[0;32m  OK  [0m] Stopped target Paths.
[[0;32m  OK  [0m] Stopped ACPI Events Check.
[[0;32m  OK  [0m] Stopped Dispatch Password Requests to Console Directory Watch.
[[0;32m  OK  [0m] Stopped Forward Password Requests to Wall Directory Watch.
[[0;32m  OK  [0m] Stopped target Sockets.
[[0;32m  OK  [0m] Closed Socket activation for snappy daemon.
[[0;32m  OK  [0m] Closed ACPID Listen Socket.
[[0;32m  OK  [0m] Closed D-Bus System Message Bus Socket.
[[0;32m  OK  [0m] Closed Syslog Socket.
[[0;32m  OK  [0m] Closed LXD - unix socket.
[[0;32m  OK  [0m] Closed UUID daemon activation socket.
[[0;32m  OK  [0m] Stopped target System Initialization.
[[0;32m  OK  [0m] Stopped target Encrypted Volumes.
[[0;32m  OK  [0m] Stopped Commit a transient machine-id on disk.
[[0;32m  OK  [0m] Stopped target Swap.
[[0;32m  OK  [0m] Stopped Create Volatile Files and Directories.
         Stopping Load/Save Random Seed...
[[0;32m  OK  [0m] Stopped Load/Save Random Seed.
[[0;32m  OK  [0m] Stopped Login to default iSCSI targets.
         Stopping iSCSI initiator daemon (iscsid)...
[[0;32m  OK  [0m] Stopped iSCSI initiator daemon (iscsid).
[[0;32m  OK  [0m] Stopped target Network is Online.
[[0;32m  OK  [0m] Stopped Initial cloud-init job (metadata service crawler).
[[0;32m  OK  [0m] Stopped target Network.
         Stopping Raise network interfaces...
[[0;32m  OK  [0m] Stopped Raise network interfaces.
[[0;32m  OK  [0m] Stopped target Local File Systems.
         Unmounting /run/user/1000...
[[0;32m  OK  [0m] Stopped target Network (Pre).
[[0;32m  OK  [0m] Stopped Initial cloud-init job (pre-networking).
[[0;32m  OK  [0m] Stopped Apply Kernel Variables.
[[0;32m  OK  [0m] Stopped Load Kernel Modules.
[[0;32m  OK  [0m] Unmounted /run/user/1000.
[[0;32m  OK  [0m] Reached target Unmount All Filesystems.
[[0;32m  OK  [0m] Stopped target Local File Systems (Pre).
         Stopping Monitoring of LVM2 mirrors... dmeventd or progress polling...
[[0;32m  OK  [0m] Stopped Remount Root and Kernel File Systems.
[[0;32m  OK  [0m] Stopped Create Static Device Nodes in /dev.
[[0;32m  OK  [0m] Reached target Shutdown.
[  838.905244] reboot: Power down
