[    0.000000] Initializing cgroup subsys cpuset
[    0.000000] Initializing cgroup subsys cpu
[    0.000000] Initializing cgroup subsys cpuacct
[    0.000000] Linux version 4.4.0-210-generic (buildd@lgw01-amd64-009) (gcc version 5.4.0 20160609 (Ubuntu 5.4.0-6ubuntu1~16.04.12) ) #242-Ubuntu SMP Fri Apr 16 09:57:56 UTC 2021 (Ubuntu 4.4.0-210.242-generic 4.4.262)
[    0.000000] Command line: BOOT_IMAGE=/boot/vmlinuz-4.4.0-210-generic root=LABEL=cloudimg-rootfs ro console=tty1 console=ttyS0
[    0.000000] KERNEL supported cpus:
[    0.000000]   Intel GenuineIntel
[    0.000000]   AMD AuthenticAMD
[    0.000000]   Centaur CentaurHauls
[    0.000000] x86/fpu: Legacy x87 FPU detected.
[    0.000000] e820: BIOS-provided physical RAM map:
[    0.000000] BIOS-e820: [mem 0x0000000000000000-0x000000000009fbff] usable
[    0.000000] BIOS-e820: [mem 0x000000000009fc00-0x000000000009ffff] reserved
[    0.000000] BIOS-e820: [mem 0x00000000000f0000-0x00000000000fffff] reserved
[    0.000000] BIOS-e820: [mem 0x0000000000100000-0x000000003ffeffff] usable
[    0.000000] BIOS-e820: [mem 0x000000003fff0000-0x000000003fffffff] ACPI data
[    0.000000] BIOS-e820: [mem 0x00000000fec00000-0x00000000fec00fff] reserved
[    0.000000] BIOS-e820: [mem 0x00000000fee00000-0x00000000fee00fff] reserved
[    0.000000] BIOS-e820: [mem 0x00000000fffc0000-0x00000000ffffffff] reserved
[    0.000000] NX (Execute Disable) protection: active
[    0.000000] SMBIOS 2.5 present.
[    0.000000] Hypervisor detected: KVM
[    0.000000] e820: last_pfn = 0x3fff0 max_arch_pfn = 0x400000000
[    0.000000] MTRR: Disabled
[    0.000000] x86/PAT: MTRRs disabled, skipping PAT initialization too.
[    0.000000] CPU MTRRs all blank - virtualized system.
[    0.000000] x86/PAT: Configuration [0-7]: WB  WT  UC- UC  WB  WT  UC- UC  
[    0.000000] found SMP MP-table at [mem 0x0009fff0-0x0009ffff] mapped at [ffff88000009fff0]
[    0.000000] Scanning 1 areas for low memory corruption
[    0.000000] RAMDISK: [mem 0x362dc000-0x37165fff]
[    0.000000] ACPI: Early table checksum verification disabled
[    0.000000] ACPI: RSDP 0x00000000000E0000 000024 (v02 VBOX  )
[    0.000000] ACPI: XSDT 0x000000003FFF0030 00003C (v01 VBOX   VBOXXSDT 00000001 ASL  00000061)
[    0.000000] ACPI: FACP 0x000000003FFF00F0 0000F4 (v04 VBOX   VBOXFACP 00000001 ASL  00000061)
[    0.000000] ACPI: DSDT 0x000000003FFF0610 002353 (v02 VBOX   VBOXBIOS 00000002 INTL 20100528)
[    0.000000] ACPI: FACS 0x000000003FFF0200 000040
[    0.000000] ACPI: FACS 0x000000003FFF0200 000040
[    0.000000] ACPI: APIC 0x000000003FFF0240 000054 (v02 VBOX   VBOXAPIC 00000001 ASL  00000061)
[    0.000000] ACPI: SSDT 0x000000003FFF02A0 00036C (v01 VBOX   VBOXCPUT 00000002 INTL 20100528)
[    0.000000] No NUMA configuration found
[    0.000000] Faking a node at [mem 0x0000000000000000-0x000000003ffeffff]
[    0.000000] NODE_DATA(0) allocated [mem 0x3ffeb000-0x3ffeffff]
[    0.000000] kvm-clock: Using msrs 4b564d01 and 4b564d00
[    0.000000] kvm-clock: cpu 0, msr 0:3ffe3001, primary cpu clock
[    0.000000] kvm-clock: using sched offset of 4943931139 cycles
[    0.000000] clocksource: kvm-clock: mask: 0xffffffffffffffff max_cycles: 0x1cd42e4dffb, max_idle_ns: 881590591483 ns
[    0.000000] Zone ranges:
[    0.000000]   DMA      [mem 0x0000000000001000-0x0000000000ffffff]
[    0.000000]   DMA32    [mem 0x0000000001000000-0x000000003ffeffff]
[    0.000000]   Normal   empty
[    0.000000]   Device   empty
[    0.000000] Movable zone start for each node
[    0.000000] Early memory node ranges
[    0.000000]   node   0: [mem 0x0000000000001000-0x000000000009efff]
[    0.000000]   node   0: [mem 0x0000000000100000-0x000000003ffeffff]
[    0.000000] Initmem setup node 0 [mem 0x0000000000001000-0x000000003ffeffff]
[    0.000000] ACPI: PM-Timer IO Port: 0x4008
[    0.000000] IOAPIC[0]: apic_id 1, version 32, address 0xfec00000, GSI 0-23
[    0.000000] ACPI: INT_SRC_OVR (bus 0 bus_irq 0 global_irq 2 dfl dfl)
[    0.000000] ACPI: INT_SRC_OVR (bus 0 bus_irq 9 global_irq 9 low level)
[    0.000000] Using ACPI (MADT) for SMP configuration information
[    0.000000] smpboot: Allowing 1 CPUs, 0 hotplug CPUs
[    0.000000] PM: Registered nosave memory: [mem 0x00000000-0x00000fff]
[    0.000000] PM: Registered nosave memory: [mem 0x0009f000-0x0009ffff]
[    0.000000] PM: Registered nosave memory: [mem 0x000a0000-0x000effff]
[    0.000000] PM: Registered nosave memory: [mem 0x000f0000-0x000fffff]
[    0.000000] e820: [mem 0x40000000-0xfebfffff] available for PCI devices
[    0.000000] Booting paravirtualized kernel on KVM
[    0.000000] clocksource: refined-jiffies: mask: 0xffffffff max_cycles: 0xffffffff, max_idle_ns: 7645519600211568 ns
[    0.000000] setup_percpu: NR_CPUS:512 nr_cpumask_bits:512 nr_cpu_ids:1 nr_node_ids:1
[    0.000000] PERCPU: Embedded 33 pages/cpu @ffff88003fc00000 s95192 r8192 d31784 u2097152
[    0.000000] Built 1 zonelists in Node order, mobility grouping on.  Total pages: 257912
[    0.000000] Policy zone: DMA32
[    0.000000] Kernel command line: BOOT_IMAGE=/boot/vmlinuz-4.4.0-210-generic root=LABEL=cloudimg-rootfs ro console=tty1 console=ttyS0
[    0.000000] PID hash table entries: 4096 (order: 3, 32768 bytes)
[    0.000000] Memory: 997924K/1048120K available (8644K kernel code, 1332K rwdata, 4044K rodata, 1492K init, 1164K bss, 50196K reserved, 0K cma-reserved)
[    0.000000] SLUB: HWalign=64, Order=0-3, MinObjects=0, CPUs=1, Nodes=1
[    0.000000] Kernel/User page tables isolation: enabled
[    0.000000] Hierarchical RCU implementation.
[    0.000000] 	Build-time adjustment of leaf fanout to 64.
[    0.000000] 	RCU restricting CPUs from NR_CPUS=512 to nr_cpu_ids=1.
[    0.000000] RCU: Adjusting geometry for rcu_fanout_leaf=64, nr_cpu_ids=1
[    0.000000] NR_IRQS:33024 nr_irqs:256 16
[    0.000000] Console: colour VGA+ 80x25
[    0.000000] console [tty1] enabled
[    0.000000] console [ttyS0] enabled
[    0.000000] tsc: Detected 1439.952 MHz processor
[    0.609245] Calibrating delay loop (skipped) preset value.. 2879.90 BogoMIPS (lpj=5759808)
[    0.617561] pid_max: default: 32768 minimum: 301
[    0.621603] ACPI: Core revision 20150930
[    0.629680] ACPI: 2 ACPI AML tables successfully acquired and loaded
[    0.635615] Security Framework initialized
[    0.639560] Yama: becoming mindful.
[    0.643104] AppArmor: AppArmor initialized
[    0.647100] Dentry cache hash table entries: 131072 (order: 8, 1048576 bytes)
[    0.654867] Inode-cache hash table entries: 65536 (order: 7, 524288 bytes)
[    0.661122] Mount-cache hash table entries: 2048 (order: 2, 16384 bytes)
[    0.666810] Mountpoint-cache hash table entries: 2048 (order: 2, 16384 bytes)
[    0.673249] Initializing cgroup subsys io
[    0.677155] Initializing cgroup subsys memory
[    0.681596] Initializing cgroup subsys devices
[    0.686402] Initializing cgroup subsys freezer
[    0.690383] Initializing cgroup subsys net_cls
[    0.694613] Initializing cgroup subsys perf_event
[    0.698749] Initializing cgroup subsys net_prio
[    0.702850] Initializing cgroup subsys hugetlb
[    0.706888] Initializing cgroup subsys pids
[    0.716617] mce: CPU supports 0 MCE banks
[    0.720777] process: using mwait in idle threads
[    0.725716] Last level iTLB entries: 4KB 48, 2MB 0, 4MB 0
[    0.730759] Last level dTLB entries: 4KB 256, 2MB 16, 4MB 16, 1GB 0
[    0.736059] Spectre V1 : Mitigation: usercopy/swapgs barriers and __user pointer sanitization
[    0.744055] Spectre V2 : Mitigation: Full generic retpoline
[    0.749013] Spectre V2 : Spectre v2 / SpectreRSB mitigation: Filling RSB on context switch
[    0.757576] MDS: Vulnerable: Clear CPU buffers attempted, no microcode
[    0.851419] Freeing SMP alternatives memory: 36K
[    0.880938] ftrace: allocating 32380 entries in 127 pages
[    1.102673] smpboot: APIC(0) Converting physical 0 to logical package 0
[    1.108663] smpboot: Max logical packages: 1
[    1.114347] x2apic enabled
[    1.118572] Switched APIC routing to physical x2apic.
[    1.128516] ..TIMER: vector=0x30 apic1=0 pin1=2 apic2=-1 pin2=-1
[    1.242048] smpboot: CPU0: Intel(R) Atom(TM) x5-Z8350  CPU @ 1.44GHz (family: 0x6, model: 0x4c, stepping: 0x4)
[    1.252059] Performance Events: unsupported p6 CPU model 76 no PMU driver, software events only.
[    1.295733] KVM setup paravirtual spinlock
[    1.301604] x86: Booted up 1 node, 1 CPUs
[    1.305613] smpboot: Total of 1 processors activated (2879.90 BogoMIPS)
[    1.314610] devtmpfs: initialized
[    1.326993] evm: security.selinux
[    1.330429] evm: security.SMACK64
[    1.334896] evm: security.SMACK64EXEC
[    1.338712] evm: security.SMACK64TRANSMUTE
[    1.342832] evm: security.SMACK64MMAP
[    1.346835] evm: security.ima
[    1.349728] evm: security.capability
[    1.354096] clocksource: jiffies: mask: 0xffffffff max_cycles: 0xffffffff, max_idle_ns: 7645041785100000 ns
[    1.363033] futex hash table entries: 256 (order: 2, 16384 bytes)
[    1.368290] pinctrl core: initialized pinctrl subsystem
[    1.373876] RTC time: 22:00:28, date: 11/05/24
[    1.378170] NET: Registered protocol family 16
[    1.382957] cpuidle: using governor ladder
[    1.387176] cpuidle: using governor menu
[    1.390679] PCCT header not found.
[    1.394683] ACPI: bus type PCI registered
[    1.398549] acpiphp: ACPI Hot Plug PCI Controller Driver version: 0.5
[    1.404829] PCI: Using configuration type 1 for base access
[    1.413847] ACPI: Added _OSI(Module Device)
[    1.417581] ACPI: Added _OSI(Processor Device)
[    1.421816] ACPI: Added _OSI(3.0 _SCP Extensions)
[    1.426184] ACPI: Added _OSI(Processor Aggregator Device)
[    1.433152] ACPI: Executed 1 blocks of module-level executable AML code
[    1.446121] ACPI: Interpreter enabled
[    1.449445] ACPI: (supports S0 S5)
[    1.453004] ACPI: Using IOAPIC for interrupt routing
[    1.458585] PCI: Using host bridge windows from ACPI; if necessary, use "pci=nocrs" and report a bug
[    1.482279] ACPI: PCI Root Bridge [PCI0] (domain 0000 [bus 00-ff])
[    1.488740] acpi PNP0A03:00: _OSC: OS supports [ASPM ClockPM Segments MSI]
[    1.496627] acpi PNP0A03:00: _OSC: not requesting OS control; OS requires [ExtendedConfig ASPM ClockPM MSI]
[    1.505595] acpi PNP0A03:00: fail to add MMCONFIG information, can't access extended PCI configuration space under this bridge.
[    1.516898] PCI host bridge to bus 0000:00
[    1.521174] pci_bus 0000:00: root bus resource [io  0x0000-0x0cf7 window]
[    1.526909] pci_bus 0000:00: root bus resource [io  0x0d00-0xffff window]
[    1.532985] pci_bus 0000:00: root bus resource [mem 0x000a0000-0x000bffff window]
[    1.540759] pci_bus 0000:00: root bus resource [mem 0x40000000-0xfdffffff window]
[    1.548636] pci_bus 0000:00: root bus resource [bus 00-ff]
[    1.561098] pci 0000:00:01.1: legacy IDE quirk: reg 0x10: [io  0x01f0-0x01f7]
[    1.567336] pci 0000:00:01.1: legacy IDE quirk: reg 0x14: [io  0x03f6]
[    1.572754] pci 0000:00:01.1: legacy IDE quirk: reg 0x18: [io  0x0170-0x0177]
[    1.578777] pci 0000:00:01.1: legacy IDE quirk: reg 0x1c: [io  0x0376]
[    1.661622] pci 0000:00:07.0: quirk: [io  0x4000-0x403f] claimed by PIIX4 ACPI
[    1.671153] pci 0000:00:07.0: quirk: [io  0x4100-0x410f] claimed by PIIX4 SMB
[    1.725135] ACPI: PCI Interrupt Link [LNKA] (IRQs 5 9 10 *11)
[    1.732571] ACPI: PCI Interrupt Link [LNKB] (IRQs 5 9 *10 11)
[    1.739151] ACPI: PCI Interrupt Link [LNKC] (IRQs 5 *9 10 11)
[    1.744962] ACPI: PCI Interrupt Link [LNKD] (IRQs 5 9 10 *11)
[    1.751150] ACPI: Enabled 2 GPEs in block 00 to 07
[    1.796110] vgaarb: setting as boot device: PCI:0000:00:02.0
[    1.800515] vgaarb: device added: PCI:0000:00:02.0,decodes=io+mem,owns=io+mem,locks=none
[    1.807113] vgaarb: loaded
[    1.809850] vgaarb: bridge control possible 0000:00:02.0
[    1.814306] SCSI subsystem initialized
[    1.817799] ACPI: bus type USB registered
[    1.821719] usbcore: registered new interface driver usbfs
[    1.826377] usbcore: registered new interface driver hub
[    1.831088] usbcore: registered new device driver usb
[    1.836039] PCI: Using ACPI for IRQ routing
[    1.841217] NetLabel: Initializing
[    1.844391] NetLabel:  domain hash size = 128
[    1.848330] NetLabel:  protocols = UNLABELED CIPSOv4
[    1.852978] NetLabel:  unlabeled traffic allowed by default
[    1.858289] amd_nb: Cannot enumerate AMD northbridges
[    1.863249] clocksource: Switched to clocksource kvm-clock
[    1.888427] AppArmor: AppArmor Filesystem Enabled
[    1.893086] pnp: PnP ACPI init
[    1.899666] pnp: PnP ACPI: found 3 devices
[    1.915070] clocksource: acpi_pm: mask: 0xffffff max_cycles: 0xffffff, max_idle_ns: 2085701024 ns
[    1.923715] NET: Registered protocol family 2
[    1.928027] TCP established hash table entries: 8192 (order: 4, 65536 bytes)
[    1.934020] TCP bind hash table entries: 8192 (order: 5, 131072 bytes)
[    1.939454] TCP: Hash tables configured (established 8192 bind 8192)
[    1.944769] UDP hash table entries: 512 (order: 2, 16384 bytes)
[    1.949732] UDP-Lite hash table entries: 512 (order: 2, 16384 bytes)
[    1.955335] NET: Registered protocol family 1
[    1.959628] pci 0000:00:00.0: Limiting direct PCI/PCI transfers
[    1.964509] pci 0000:00:01.0: Activating ISA DMA hang workarounds
[    1.970263] Unpacking initramfs...
[    2.493974] Freeing initrd memory: 14888K
[    2.498543] clocksource: tsc: mask: 0xffffffffffffffff max_cycles: 0x14c18d8318f, max_idle_ns: 440795250378 ns
[    2.508118] platform rtc_cmos: registered platform RTC device (no PNP device found)
[    2.515830] Scanning for low memory corruption every 60 seconds
[    2.524195] audit: initializing netlink subsys (disabled)
[    2.529504] audit: type=2000 audit(1730844035.350:1): initialized
[    2.535912] Initialise system trusted keyring
[    2.540821] HugeTLB registered 2 MB page size, pre-allocated 0 pages
[    2.550242] zbud: loaded
[    2.555109] VFS: Disk quotas dquot_6.6.0
[    2.559758] VFS: Dquot-cache hash table entries: 512 (order 0, 4096 bytes)
[    2.565932] squashfs: version 4.0 (2009/01/31) Phillip Lougher
[    2.572930] fuse init (API version 7.23)
[    2.577231] Key type big_key registered
[    2.581160] Allocating IMA MOK and blacklist keyrings.
[    2.587029] Key type asymmetric registered
[    2.591229] Asymmetric key parser 'x509' registered
[    2.595890] Block layer SCSI generic (bsg) driver version 0.4 loaded (major 249)
[    2.602995] io scheduler noop registered
[    2.606981] io scheduler deadline registered (default)
[    2.611943] io scheduler cfq registered
[    2.615937] pci_hotplug: PCI Hot Plug PCI Core version: 0.5
[    2.620485] pciehp: PCI Express Hot Plug Controller Driver version: 0.4
[    2.626754] ACPI: AC Adapter [AC] (on-line)
[    2.631426] input: Power Button as /devices/LNXSYSTM:00/LNXPWRBN:00/input/input0
[    2.639061] ACPI: Power Button [PWRF]
[    2.643224] input: Sleep Button as /devices/LNXSYSTM:00/LNXSLPBN:00/input/input1
[    2.650565] ACPI: Sleep Button [SLPF]
[    2.657682] ACPI: Battery Slot [BAT0] (battery present)
[    2.662641] GHES: HEST is not enabled!
[    2.666853] Serial: 8250/16550 driver, 32 ports, IRQ sharing enabled
[    2.696055] 00:02: ttyS0 at I/O 0x3f8 (irq = 4, base_baud = 115200) is a 16550A
[    2.708768] Linux agpgart interface v0.103
[    2.720949] loop: module loaded
[    2.726715] scsi host0: ata_piix
[    2.730978] scsi host1: ata_piix
[    2.734683] ata1: PATA max UDMA/33 cmd 0x1f0 ctl 0x3f6 bmdma 0xd000 irq 14
[    2.740629] ata2: PATA max UDMA/33 cmd 0x170 ctl 0x376 bmdma 0xd008 irq 15
[    2.748325] libphy: Fixed MDIO Bus: probed
[    2.752432] tun: Universal TUN/TAP device driver, 1.6
[    2.756695] tun: (C) 1999-2004 Max Krasnyansky <maxk@qualcomm.com>
[    2.762391] PPP generic driver version 2.4.2
[    2.766894] ehci_hcd: USB 2.0 'Enhanced' Host Controller (EHCI) Driver
[    2.773370] ehci-pci: EHCI PCI platform driver
[    2.777905] ehci-platform: EHCI generic platform driver
[    2.782608] ohci_hcd: USB 1.1 'Open' Host Controller (OHCI) Driver
[    2.788426] ohci-pci: OHCI PCI platform driver
[    2.792289] ohci-platform: OHCI generic platform driver
[    2.796806] uhci_hcd: USB Universal Host Controller Interface driver
[    2.802573] i8042: PNP: PS/2 Controller [PNP0303:PS2K,PNP0f03:PS2M] at 0x60,0x64 irq 1,12
[    2.811857] serio: i8042 KBD port at 0x60,0x64 irq 1
[    2.816357] serio: i8042 AUX port at 0x60,0x64 irq 12
[    2.821007] mousedev: PS/2 mouse device common for all mice
[    2.826996] input: AT Translated Set 2 keyboard as /devices/platform/i8042/serio0/input/input2
[    2.836817] rtc_cmos rtc_cmos: rtc core: registered rtc_cmos as rtc0
[    2.843017] rtc_cmos rtc_cmos: alarms up to one day, 114 bytes nvram
[    2.849217] i2c /dev entries driver
[    2.852670] device-mapper: uevent: version 1.0.3
[    2.856849] device-mapper: ioctl: 4.34.0-ioctl (2015-10-28) initialised: dm-devel@redhat.com
[    2.865351] ledtrig-cpu: registered to indicate activity on CPUs
[    2.871979] NET: Registered protocol family 10
[    2.876931] NET: Registered protocol family 17
[    2.881505] Key type dns_resolver registered
[    2.886436] registered taskstats version 1
[    2.890464] Loading compiled-in X.509 certificates
[    2.897142] Loaded X.509 cert 'Build time autogenerated kernel key: cf00e047681d67edb2720680708b7d9498083038'
[    2.937522] zswap: loaded using pool lzo/zbud
[    2.949154] Key type trusted registered
[    2.966794] Key type encrypted registered
[    2.971238] AppArmor: AppArmor sha1 policy hashing enabled
[    2.976228] ima: No TPM chip found, activating TPM-bypass!
[    2.980695] ima: Allocated hash algorithm: sha1
[    2.985124] evm: HMAC attrs: 0x1
[    2.989366]   Magic number: 0:702:46
[    2.993317] rtc_cmos rtc_cmos: setting system clock to 2024-11-05 22:00:29 UTC (1730844029)
[    3.001408] BIOS EDD facility v0.16 2004-Jun-25, 0 devices found
[    3.006845] EDD information not available.
[    3.015602] Freeing unused kernel memory: 1492K
[    3.019436] Write protecting the kernel read-only data: 14336k
[    3.026023] Freeing unused kernel memory: 1584K
[    3.030862] Freeing unused kernel memory: 52K
Loading, please wait...
starting version 229
[    3.093713] random: systemd-udevd: uninitialized urandom read (16 bytes read, 3 bits of entropy available)
[    3.105125] random: udevadm: uninitialized urandom read (16 bytes read, 3 bits of entropy available)
[    3.114115] random: systemd-udevd: uninitialized urandom read (16 bytes read, 3 bits of entropy available)
[    3.123472] random: udevadm: uninitialized urandom read (16 bytes read, 3 bits of entropy available)
[    3.131566] random: systemd-udevd: uninitialized urandom read (16 bytes read, 3 bits of entropy available)
[    3.147545] random: systemd-udevd: uninitialized urandom read (16 bytes read, 3 bits of entropy available)
[    3.198134] random: systemd-udevd: uninitialized urandom read (16 bytes read, 3 bits of entropy available)
[    3.215572] random: systemd-udevd: uninitialized urandom read (16 bytes read, 3 bits of entropy available)
[    3.231582] random: systemd-udevd: uninitialized urandom read (16 bytes read, 3 bits of entropy available)
[    3.240334] random: udevadm: uninitialized urandom read (16 bytes read, 3 bits of entropy available)
[    3.618404] Fusion MPT base driver 3.04.20
[    3.622660] Copyright (c) 1999-2008 LSI Corporation
[    3.627199] e1000: Intel(R) PRO/1000 Network Driver - version 7.3.21-k8-NAPI
[    3.633203] e1000: Copyright (c) 1999-2006 Intel Corporation.
[    3.755339] Fusion MPT SPI Host driver 3.04.20
[    3.895746] input: ImExPS/2 Generic Explorer Mouse as /devices/platform/i8042/serio1/input/input4
[    3.937494] SSE version of gcm_enc/dec engaged.
[    4.564823] e1000 0000:00:03.0 eth0: (PCI:33MHz:32-bit) 02:be:82:6b:cc:1d
[    4.570579] e1000 0000:00:03.0 eth0: Intel(R) PRO/1000 Network Connection
[    4.578766] mptbase: ioc0: Initiating bringup
[    4.655248] ioc0: LSI53C1030 A0: Capabilities={Initiator}
[    4.854481] scsi host2: ioc0: LSI53C1030 A0, FwRev=00000000h, Ports=1, MaxQ=256, IRQ=20
[    4.992744] scsi 2:0:0:0: Direct-Access     VBOX     HARDDISK         1.0  PQ: 0 ANSI: 5
[    5.025650] scsi target2:0:0: Beginning Domain Validation
[    5.042213] scsi target2:0:0: Domain Validation skipping write tests
[    5.048548] scsi target2:0:0: Ending Domain Validation
[    5.060672] scsi target2:0:0: asynchronous
[    5.089262] scsi 2:0:1:0: Direct-Access     VBOX     HARDDISK         1.0  PQ: 0 ANSI: 5
[    5.105202] scsi target2:0:1: Beginning Domain Validation
[    5.196916] scsi target2:0:1: Domain Validation skipping write tests
[    5.202923] scsi target2:0:1: Ending Domain Validation
[    5.223838] scsi target2:0:1: asynchronous
[    5.469580] sd 2:0:0:0: Attached scsi generic sg0 type 0
[    5.474770] sd 2:0:0:0: [sda] 83886080 512-byte logical blocks: (42.9 GB/40.0 GiB)
[    5.492835] sd 2:0:1:0: [sdb] 20480 512-byte logical blocks: (10.5 MB/10.0 MiB)
[    5.499711] sd 2:0:1:0: Attached scsi generic sg1 type 0
[    5.505026] sd 2:0:0:0: [sda] Write Protect is off
[    5.509194] sd 2:0:1:0: [sdb] Write Protect is off
[    5.515585] sd 2:0:0:0: [sda] Incomplete mode parameter data
[    5.520615] sd 2:0:0:0: [sda] Assuming drive cache: write through
[    5.585251] sd 2:0:1:0: [sdb] Incomplete mode parameter data
[    5.590082] sd 2:0:1:0: [sdb] Assuming drive cache: write through
[    5.655301] sd 2:0:1:0: [sdb] Attached SCSI disk
[    5.694641]  sda: sda1
[    5.699773] sd 2:0:0:0: [sda] Attached SCSI disk
[    5.892698] e1000 0000:00:08.0 eth1: (PCI:33MHz:32-bit) 08:00:27:dc:19:a2
[    5.898219] e1000 0000:00:08.0 eth1: Intel(R) PRO/1000 Network Connection
[    5.911505] e1000 0000:00:08.0 enp0s8: renamed from eth1
[    5.924178] e1000 0000:00:03.0 enp0s3: renamed from eth0
Begin: Loading essential drivers ... [    8.697575] md: linear personality registered for level -1
[    8.714692] md: multipath personality registered for level -4
[    8.732582] md: raid0 personality registered for level 0
[    8.752742] md: raid1 personality registered for level 1
[    8.847462] raid6: sse2x1   gen()   653 MB/s
[    8.919391] raid6: sse2x1   xor()  1644 MB/s
[    8.987368] raid6: sse2x2   gen()   419 MB/s
[    9.055654] raid6: sse2x2   xor()  1903 MB/s
[    9.127341] raid6: sse2x4   gen()   669 MB/s
[    9.195410] raid6: sse2x4   xor()   905 MB/s
[    9.200036] raid6: using algorithm sse2x4 gen() 669 MB/s
[    9.204688] raid6: .... xor() 905 MB/s, rmw enabled
[    9.208848] raid6: using ssse3x2 recovery algorithm
[    9.220582] xor: measuring software checksum speed
[    9.263384]    prefetch64-sse:  5565.000 MB/sec
[    9.307382]    generic_sse:  5152.000 MB/sec
[    9.311826] xor: using function: prefetch64-sse (5565.000 MB/sec)
[    9.324483] async_tx: api initialized (async)
[    9.377442] md: raid6 personality registered for level 6
[    9.382998] md: raid5 personality registered for level 5
[    9.387915] md: raid4 personality registered for level 4
[    9.421151] md: raid10 personality registered for level 10
done.
Begin: Running /scripts/init-premount ... done.
Begin: Mounting root file system ... Begin: Running /scripts/local-top ... done.
Begin: Running /scripts/local-premount ... [    9.560068] Btrfs loaded
Scanning for Btrfs filesystems
done.
Warning: fsck not present, so skipping root file system
[    9.707523] EXT4-fs (sda1): mounted filesystem with ordered data mode. Opts: (null)
done.
Begin: Running /scripts/local-bottom ... done.
Begin: Running /scripts/init-bottom ... done.
[   10.761902] random: nonblocking pool is initialized
[   10.835765] systemd[1]: systemd 229 running in system mode. (+PAM +AUDIT +SELINUX +IMA +APPARMOR +SMACK +SYSVINIT +UTMP +LIBCRYPTSETUP +GCRYPT +GNUTLS +ACL +XZ -LZ4 +SECCOMP +BLKID +ELFUTILS +KMOD -IDN)
[   10.867015] systemd[1]: Detected virtualization oracle.
[   10.872231] systemd[1]: Detected architecture x86-64.

Welcome to [1mUbuntu 16.04.7 LTS[0m!

[   10.921624] systemd[1]: Set hostname to <ubuntu>.
[   10.958154] systemd[1]: Initializing machine ID from random generator.
[   10.973671] systemd[1]: Installed transient /etc/machine-id file.
[   12.266419] systemd[1]: Listening on Journal Socket (/dev/log).
[[0;32m  OK  [0m] Listening on Journal Socket (/dev/log).
[   12.277348] systemd[1]: Listening on udev Kernel Socket.
[[0;32m  OK  [0m] Listening on udev Kernel Socket.
[   12.287059] systemd[1]: Started Forward Password Requests to Wall Directory Watch.
[[0;32m  OK  [0m] Started Forward Password Requests to Wall Directory Watch.
[   12.299078] systemd[1]: Reached target Encrypted Volumes.
[[0;32m  OK  [0m] Reached target Encrypted Volumes.
[   12.310960] systemd[1]: Started Trigger resolvconf update for networkd DNS.
[[0;32m  OK  [0m] Started Trigger resolvconf update for networkd DNS.
[   12.321908] systemd[1]: Listening on fsck to fsckd communication Socket.
[[0;32m  OK  [0m] Listening on fsck to fsckd communication Socket.
[   12.331841] systemd[1]: Listening on /dev/initctl Compatibility Named Pipe.
[[0;32m  OK  [0m] Listening on /dev/initctl Compatibility Named Pipe.
[   12.342421] systemd[1]: Listening on Device-mapper event daemon FIFOs.
[[0;32m  OK  [0m] Listening on Device-mapper event daemon FIFOs.
[   12.351906] systemd[1]: Reached target Swap.
[[0;32m  OK  [0m] Reached target Swap.
[   12.360173] systemd[1]: Listening on LVM2 metadata daemon socket.
[[0;32m  OK  [0m] Listening on LVM2 metadata daemon socket.
[   12.369490] systemd[1]: Listening on Journal Socket.
[[0;32m  OK  [0m] Listening on Journal Socket.
[   12.379171] systemd[1]: Created slice System Slice.
[[0;32m  OK  [0m] Created slice System Slice.
[   12.391108] systemd[1]: Starting Create list of required static device nodes for the current kernel...
         Starting Create list of required st... nodes for the current kernel...
[   12.417298] systemd[1]: Mounting Huge Pages File System...
         Mounting Huge Pages File System...
[   12.446841] systemd[1]: Starting Uncomplicated firewall...
         Starting Uncomplicated firewall...
[   12.469197] systemd[1]: Starting Nameserver information manager...
         Starting Nameserver information manager...
[   12.499193] systemd[1]: Starting File System Check on Root Device...
         Starting File System Check on Root Device...
[   12.531966] systemd[1]: Starting Set console keymap...
         Starting Set console keymap...
[   12.550270] systemd[1]: Listening on udev Control Socket.
[[0;32m  OK  [0m] Listening on udev Control Socket.
[   12.606852] systemd[1]: Starting Load Kernel Modules...
         Starting Load Kernel Modules...
[   12.629264] systemd[1]: Created slice system-serial\x2dgetty.slice.
[[0;32m  OK  [0m] Created slice system-serial\x2dgetty.slice.
[   12.647287] systemd[1]: Starting Monitoring of LVM2 mirrors, snapshots etc. using dmeventd or progress polling...
         Starting Monitoring of LVM2 mirrors... dmeventd or progress polling...
[   12.676936] systemd[1]: Listening on Syslog Socket.
[[0;32m  OK  [0m] Listening on Syslog Socket.
[   12.696997] systemd[1]: Set up automount Arbitrary Executable File Formats File System Automount Point.
[[0;32m  OK  [0m] Set up automount Arbitrary Executab...ats File System Automount Point.
[   12.784768] systemd[1]: Mounting POSIX Message Queue File System...
         Mounting POSIX Message Queue File System...
[   12.807635] systemd[1]: Reached target System Time Synchronized.
[[0;32m  OK  [0m] Reached target System Time Synchronized.
[   12.837078] systemd[1]: Created slice User and Session Slice.
[[0;32m  OK  [0m] Created slice User and Session Slice.
[   12.859890] systemd[1]: Reached target Slices.
[[0;32m  OK  [0m] Reached target Slices.
[   12.873780] Loading iSCSI transport class v2.0-870.
[   12.885578] systemd[1]: Listening on Journal Audit Socket.
[[0;32m  OK  [0m] Listening on Journal Audit Socket.
[   12.899148] systemd[1]: Starting Journal Service...
         Starting Journal Service...
[   12.931261] systemd[1]: Mounting Debug File System...
         Mounting Debug File System...
[   12.963623] systemd[1]: Reached target User and Group Name Lookups.
[[0;32m  OK  [0m] Reached target User and Group Name Lookups.
[   12.982112] systemd[1]: Listening on LVM2 poll daemon socket.
[[0;32m  OK  [0m] Listening on LVM2 poll daemon socket.
[   13.018363] systemd[1]: Mounted Huge Pages File System.
[[0;32m  OK  [0m] Mounted Huge Pages File System.
[   13.043838] systemd[1]: Mounted POSIX Message Queue File System.
[[0;32m  OK  [0m] Mounted POSIX Message Queue File System.
[   13.059255] iscsi: registered transport (tcp)
[   13.064493] systemd[1]: Mounted Debug File System.
[[0;32m  OK  [0m] Mounted Debug File System.
[   13.084117] systemd[1]: Started Create list of required static device nodes for the current kernel.
[[0;32m  OK  [0m] Started Create list of required sta...ce nodes for the current kernel.
[   13.114197] systemd[1]: Started Uncomplicated firewall.
[[0;32m  OK  [0m] Started Uncomplicated firewall.
[   13.145872] systemd[1]: Started File System Check on Root Device.
[[0;32m  OK  [0m] Started File System Check on Root Device.
[   13.194066] systemd[1]: Started Nameserver information manager.
[[0;32m  OK  [0m] Started Nameserver information manager.
[   13.251192] systemd[1]: Started LVM2 metadata daemon.
[[0;32m  OK  [0m] Started LVM2 metadata daemon.
[   13.295002] systemd[1]: Started File System Check Daemon to report status.
[[0;32m  OK  [0m] Started File System Check Daemon to report status.
[   13.337013] systemd[1]: Starting Remount Root and Kernel File Systems...
         Starting Remount Root and Kernel File Systems...
[   13.376357] systemd[1]: Starting Create Static Device Nodes in /dev...
         Starting Create Static Device Nodes in /dev...
[   13.439022] EXT4-fs (sda1): re-mounted. Opts: (null)
[   13.470161] systemd[1]: Started Remount Root and Kernel File Systems.
[[0;32m  OK  [0m] Started Remount Root and Kernel File Systems.
[   13.508373] systemd[1]: Starting Load/Save Random Seed...
         Starting Load/Save Random Seed...
[   13.546617] systemd[1]: Starting udev Coldplug all Devices...
         Starting udev Coldplug all Devices...
[   13.613664] systemd[1]: Started Journal Service.
[[0;32m  OK  [0m] Started Journal Service.
[[0;32m  OK  [0m] Started Load/Save Random Seed.
         Starting Flush Journal to Persistent Storage...
[   13.739316] iscsi: registered transport (iser)
[[0;32m  OK  [0m] Started Load Kernel Modules.
[[0;32m  OK  [0m] Started Create Static Device Nodes in /dev.
[   13.863827] systemd-journald[392]: Received request to flush runtime journal from PID 1
         Starting udev Kernel Device Manager...
         Mounting FUSE Control File System...
         Starting Apply Kernel Variables...
[[0;32m  OK  [0m] Mounted FUSE Control File System.
[[0;32m  OK  [0m] Started Monitoring of LVM2 mirrors,...ng dmeventd or progress polling.
[[0;32m  OK  [0m] Started Flush Journal to Persistent Storage.
[[0;32m  OK  [0m] Started Apply Kernel Variables.
[[0;32m  OK  [0m] Started udev Kernel Device Manager.
[[0;32m  OK  [0m] Started Set console keymap.
[[0;32m  OK  [0m] Reached target Local File Systems (Pre).
[[0;32m  OK  [0m] Reached target Local File Systems.
         Starting Commit a transient machine-id on disk...
         Starting Set console font and keymap...
         Starting Tell Plymouth To Write Out Runtime Data...
         Starting Create Volatile Files and Directories...
         Starting LSB: AppArmor initialization...
         Starting Initial cloud-init job (pre-networking)...
[[0;32m  OK  [0m] Started Commit a transient machine-id on disk.
[[0;32m  OK  [0m] Started Tell Plymouth To Write Out Runtime Data.
[[0;32m  OK  [0m] Started Create Volatile Files and Directories.
         Starting Update UTMP about System Boot/Shutdown...
[[0;32m  OK  [0m] Started Update UTMP about System Boot/Shutdown.
[[0;32m  OK  [0m] Started udev Coldplug all Devices.
[[0;32m  OK  [0m] Started Dispatch Password Requests to Console Directory Watch.
[[0;32m  OK  [0m] Found device /dev/ttyS0.
[[0;32m  OK  [0m] Listening on Load/Save RF Kill Switch Status /dev/rfkill Watch.
[[0;32m  OK  [0m] Started Set console font and keymap.
[[0;32m  OK  [0m] Created slice system-getty.slice.
[   26.627194] cloud-init[506]: Cloud-init v. 21.1-19-gbad84ad4-0ubuntu1~16.04.2 running 'init-local' at Tue, 05 Nov 2024 22:00:49 +0000. Up 22.55 seconds.
[[0;32m  OK  [0m] Started Initial cloud-init job (pre-networking).
[[0;32m  OK  [0m] Reached target Network (Pre).
[[0;32m  OK  [0m] Started LSB: AppArmor initialization.
         Starting Raise network interfaces...
         Starting Load AppArmor profiles managed internally by snapd...
[[0;32m  OK  [0m] Started Load AppArmor profiles managed internally by snapd.
[[0;32m  OK  [0m] Started Raise network interfaces.
         Starting Initial cloud-init job (metadata service crawler)...
[[0;32m  OK  [0m] Reached target Network.
[   35.576962] cloud-init[962]: Cloud-init v. 21.1-19-gbad84ad4-0ubuntu1~16.04.2 running 'init' at Tue, 05 Nov 2024 22:00:58 +0000. Up 31.18 seconds.
[   35.597390] cloud-init[962]: ci-info: ++++++++++++++++++++++++++++++++++++++Net device info+++++++++++++++++++++++++++++++++++++++
[   35.625787] cloud-init[962]: ci-info: +--------+-------+----------------------------+---------------+--------+-------------------+
[   35.645860] cloud-init[962]: ci-info: | Device |   Up  |          Address           |      Mask     | Scope  |     Hw-Address    |
[   35.665660] cloud-init[962]: ci-info: +--------+-------+----------------------------+---------------+--------+-------------------+
[   35.681284] cloud-init[962]: ci-info: | enp0s3 |  True |         10.0.2.15          | 255.255.255.0 | global | 02:be:82:6b:cc:1d |
[   35.701799] cloud-init[962]: ci-info: | enp0s3 |  True | fe80::be:82ff:fe6b:cc1d/64 |       .       |  link  | 02:be:82:6b:cc:1d |
[   35.713983] cloud-init[962]: ci-info: | enp0s8 | False |             .              |       .       |   .    | 08:00:27:dc:19:a2 |
[   35.749127] cloud-init[962]: ci-info: |   lo   |  True |         127.0.0.1          |   255.0.0.0   |  host  |         .         |
[   35.769675] cloud-init[962]: ci-info: |   lo   |  True |          ::1/128           |       .       |  host  |         .         |
[   35.782178] cloud-init[962]: ci-info: +--------+-------+----------------------------+---------------+--------+-------------------+
[   35.797448] cloud-init[962]: ci-info: +++++++++++++++++++++++++++Route IPv4 info++++++++++++++++++++++++++++
[   35.817832] cloud-init[962]: ci-info: +-------+-------------+----------+---------------+-----------+-------+
[   35.837575] cloud-init[962]: ci-info: | Route | Destination | Gateway  |    Genmask    | Interface | Flags |
[   35.849245] cloud-init[962]: ci-info: +-------+-------------+----------+---------------+-----------+-------+
[   35.861207] cloud-init[962]: ci-info: |   0   |   0.0.0.0   | 10.0.2.2 |    0.0.0.0    |   enp0s3  |   UG  |
[   35.877575] cloud-init[962]: ci-info: |   1   |   10.0.2.0  | 0.0.0.0  | 255.255.255.0 |   enp0s3  |   U   |
[   35.889064] cloud-init[962]: ci-info: +-------+-------------+----------+---------------+-----------+-------+
[   35.901170] cloud-init[962]: ci-info: +++++++++++++++++++Route IPv6 info+++++++++++++++++++
[   35.913120] cloud-init[962]: ci-info: +-------+-------------+---------+-----------+-------+
[   35.929663] cloud-init[962]: ci-info: | Route | Destination | Gateway | Interface | Flags |
[   35.945603] cloud-init[962]: ci-info: +-------+-------------+---------+-----------+-------+
[   35.965212] cloud-init[962]: ci-info: |   0   |  fe80::/64  |    ::   |   enp0s3  |   U   |
[   35.981833] cloud-init[962]: ci-info: |   4   |   ff00::/8  |    ::   |   enp0s3  |   U   |
[   35.992030] cloud-init[962]: ci-info: +-------+-------------+---------+-----------+-------+
[   36.005370] cloud-init[962]: Generating public/private rsa key pair.
[   36.014001] cloud-init[962]: Your identification has been saved in /etc/ssh/ssh_host_rsa_key.
[   36.026164] cloud-init[962]: Your public key has been saved in /etc/ssh/ssh_host_rsa_key.pub.
[   36.035568] cloud-init[962]: The key fingerprint is:
[   36.043639] cloud-init[962]: SHA256:JJoKujqvNcuwAAvQgCla2PTtdw9UyDw8d3+pN0gClAQ root@ubuntu-xenial
[   36.057367] cloud-init[962]: The key's randomart image is:
[   36.073570] cloud-init[962]: +---[RSA 2048]----+
[   36.089645] cloud-init[962]: |o=.    E+*...    |
[   36.097919] cloud-init[[0;32m  OK  [0m[962]: |=oo. .   oB.. .  |
[   36.106399] cloud-init[962]: |+.. . o . o+ . ..|] Started Initial cloud-init job (metadata service crawler).
[[0;32m  OK  [0m
] Reached target Network is Online.
[   36.121328] cloud-init[962]: |o    + o . . . .o|         Starting iSCSI initiator daemon (iscsid)...
[   36.129561] cloud-init[962]: |+   o . S o o o .|
[   36.132705] cloud-init[962]: |+o .   . . o o o |
[   36.135302] 
[[0;32m  OK  [0m] Reached target System Initialization.
cloud-init[962]: |= +         . . .|
[[0;32m  OK  [0m[   36.160709] cloud-init[962]: |o* o             |
] Started Message of the Day.
[   36.169080] cloud-init[962]: |*++              |
[   36.174242] cloud-init[962]: +----[SHA256]-----+
[   36.178121] cloud-init[962]: Generating public/private dsa key pair.
[   36.185984] cloud-init[962]: Your identification has been saved in /etc/ssh/ssh_host_dsa_key.         Starting LXD - unix socket.
[   36.201418] cloud-init[962]: Your public key has been saved in /etc/ssh/ssh_host_dsa_key.pub.

[[0;32m  OK  [0m] Listening on D-Bus System Message Bus Socket.
[[0;32m  OK  [0m] Listening on ACPID Listen Socket.
[   36.215432] cloud-init[962]: The key fingerprint is:
         Starting Socket activation for snappy daemon.
[[0;32m  OK  [0m] Started Daily apt download activities.
[   36.227347] cloud-init[962]: SHA256:a1ZjmN7MnIb3wbjUm34gb2C3YxFFVIAKOuyfE8TyCgk root@ubuntu-xenial
[[0;32m  OK  [0m] Started Daily apt upgrade and clean activities.
[   36.243515] cloud-init[962]: The key's randomart image is:
[   36.247124] cloud-init[962]: +---[DSA 1024]----+
[[0;32m  OK  [0m] Started ACPI Events Check.
[[0;32m  OK  [0m] Reached target Paths.[   36.251573] cloud-init[962]: |             ++o.|
[   36.266790] cloud-init
[[0;32m  OK  [0m] Started Ubuntu Advantage update messaging.
[[0;32m  OK  [0m] [962]: Listening on UUID daemon activation socket.
[[0;32m  OK  [0m] Started Daily Cleanup of Temporary Directories.|        .   . .  |
[   36.286150] cloud-init[962]: |     . o . . .   |
[[0;32m  OK  [0m] Reached target Timers.
[[0;32m  OK  [0m
[   36.297380] cloud-init[962]: |  E   = oo. .    |
[   36.300425] cloud-init[962]: |   . o =S +  .   |
[   36.302725] cloud-init[962]: |    o ..oX+*+    |] Reached target Cloud-config availability.

[   36.312616] cloud-init[962]: |     . o*+@=++   |
[[0;32m  OK  [0m] Listening on LXD - unix socket.[   36.325040] cloud-init[962]: |      .o++ o*+.  |
[   36.327992] 
cloud-init[962]: |         ..+=o   |
[[0;32m  OK  [0m[   36.349887] ] Listening on Socket activation for snappy daemon.cloud-init[962]: 
+----[SHA256]-----+
[[0;32m  OK  [0m] Reached target Sockets.
[[0;32m  OK  [0m[   36.373862] cloud-init[962]: Generating public/private ecdsa key pair.] Reached target Basic System.
         Starting LXD - container startup/shutdown...
[   36.389957] cloud-init[962]: Your identification has been saved in /etc/ssh/ssh_host_ecdsa_key.
[[0;32m  OK  [0m
[   36.415226] cloud-init] Started D-Bus System Message Bus.
[962]: Your public key has been saved in /etc/ssh/ssh_host_ecdsa_key.pub.
[   36.442476] cloud-init[962]: The key fingerprint is:
[   36.446769] cloud-init[962]: SHA256:3qe2S/d6wHQrtBsfZurAyb3DRw5A8ZURRSdrzMANOjc root@ubuntu-xenial
[   36.452789] cloud-init[962]: The key's randomart image is:
[   36.457896] cloud-init[962]: +---[ECDSA 256]---+
[   36.462406] cloud-init[962]: |          .ooo=*+|
[   36.466786] cloud-init[962]: |          .o.=oo.|
[   36.472370] cloud-init[962]: |         .o E =  |
[   36.477253] cloud-init[962]: |          .ooo.  |
[   36.482243] cloud-init[962]: |        S  = o . |
[   36.490151] cloud-init[962]: |       . + oB *  |
[   36.495031] cloud-init[962]: |        . B.+& . |
[   36.511088] cloud-init[962]: |         ..==o=  |
[   36.515411] cloud-init[962]: |         .+++=.  |
[   36.521086] cloud-init[962]: +----[SHA256]-----+
[   36.528527] cloud-init[962]: Generating public/private ed25519 key pair.
[   36.541402] cloud-init[962]: Your identification has been saved in /etc/ssh/ssh_host_ed25519_key.
[   36.546206] cloud-init[962]: Your public key has been saved in /etc/ssh/ssh_host_ed25519_key.pub.
[   36.557359] cloud-init[962]: The key fingerprint is:
[   36.563028] cloud-init[962]: SHA256:qdnE8z9K0j74sqVWrtUlOyW+XSh+lZ4pgI2h0bAZ07g root@ubuntu-xenial
[   36.570504] cloud-init[962]: The key's randomart image is:
[   36.575981] cloud-init[962]: +--[ED25519 256]--+
[   36.579656] cloud-init[962]: |        o        |
[   36.584536] cloud-init[962]: |       = .       |
[   36.590416] cloud-init[962]: |        O        |
[   36.594213] cloud-init[962]: |       E +       |
[   36.598172] cloud-init[962]: |        S = o o .|
[   36.602168] cloud-init[962]: |       * *.= * o.|
[   36.606513] cloud-init[962]: |      o o+* B o.+|
[   36.614780] cloud-init[962]: |        +Boo.*.= |
[   36.619741] cloud-init[962]: |       .+=+o+oo  |
[   36.625231] cloud-init[962]: +----[SHA256]-----+
[[0;32m  OK  [0m] Started FUSE filesystem for LXC.
         Starting System Logging Service...
         Starting LSB: MD monitoring daemon...
         Starting Login Service...
[[0;32m  OK  [0m] Started Deferred execution scheduler.
[[0;32m  OK  [0m] Started Regular background program processing daemon.
         Starting Pollinate to seed the pseudo random number generator...
         Starting Snap Daemon...
         Starting LSB: Record successful boot for GRUB...
         Starting /etc/rc.local Compatibility...
         Starting Accounts Service...
[[0;32m  OK  [0m] Started ACPI event daemon.
         Starting Virtualbox guest utils...
[[0;32m  OK  [0m] Started iSCSI initiator daemon (iscsid).
[[0;32m  OK  [0m] Started /etc/rc.local Compatibility.
         Starting Login to default iSCSI targets...
[[0;32m  OK  [0m] Started Login Service.
[[0;32m  OK  [0m] Started Unattended Upgrades Shutdown.
[[0;32m  OK  [0m] Started System Logging Service.
[[0;32m  OK  [0m] Started LSB: Record successful boot for GRUB.
[[0;32m  OK  [0m] Started Login to default iSCSI targets.
[[0;32m  OK  [0m] Reached target Remote File Systems (Pre).
[[0;32m  OK  [0m] Reached target Remote File Systems.
         Starting LSB: Set the CPU Frequency Scaling governor to "ondemand"...
         Starting LSB: daemon to balance interrupts for SMP systems...
         Starting LSB: automatic crash report generation...
         Starting Permit User Sessions...
[[0;32m  OK  [0m] Started LSB: MD monitoring daemon.
[[0;32m  OK  [0m] Started LSB: Set the CPU Frequency Scaling governor to "ondemand".
[[0;32m  OK  [0m] Started Permit User Sessions.
         Starting Terminate Plymouth Boot Screen...
         Starting Hold until boot process finishes up...
[[0;32m  OK  [0m] Started Terminate Plymouth Boot Screen.
[[0;32m  OK  [0m] Started Hold until boot process finishes up.
[[0;32m  OK  [0m] Started Getty on tty1.
         Starting Set console scheme...
[[0;32m  OK  [0m] Started Serial Getty on ttyS0.
[[0;32m  OK  [0m] Reached target Login Prompts.
[[0;32m  OK  [0m] Started Set console scheme.
[[0;32m  OK  [0m] Started LSB: automatic crash report generation.
[[0;32m  OK  [0m] Started LSB: daemon to balance interrupts for SMP systems.
[[0;32m  OK  [0m] Started Virtualbox guest utils.
         Starting Authenticate and Authorize Users to Run Privileged Tasks...
[[0;32m  OK  [0m] Started LXD - container startup/shutdown.
[[0;32m  OK  [0m] Started Authenticate and Authorize Users to Run Privileged Tasks.
[[0;32m  OK  [0m] Started Accounts Service.
[[0;32m  OK  [0m] Started Snap Daemon.
         Starting Wait until snapd is fully seeded...

Ubuntu 16.04.7 LTS ubuntu-xenial ttyS0

ubuntu-xenial login: [   85.864351] cloud-init[2027]: Generating locales (this might take a while)...
[   89.428315] cloud-init[2027]:   en_US.UTF-8... done
[   89.433434] cloud-init[2027]: Generation complete.
[   93.171188] cloud-init[2027]: Cloud-init v. 21.1-19-gbad84ad4-0ubuntu1~16.04.2 running 'modules:config' at Tue, 05 Nov 2024 22:01:52 +0000. Up 85.12 seconds.
ci-info: no authorized SSH keys fingerprints found for user ubuntu.
<14>Nov  5 22:02:03 ec2: 
<14>Nov  5 22:02:03 ec2: #############################################################
<14>Nov  5 22:02:03 ec2: -----BEGIN SSH HOST KEY FINGERPRINTS-----
<14>Nov  5 22:02:03 ec2: 1024 SHA256:a1ZjmN7MnIb3wbjUm34gb2C3YxFFVIAKOuyfE8TyCgk root@ubuntu-xenial (DSA)
<14>Nov  5 22:02:03 ec2: 256 SHA256:3qe2S/d6wHQrtBsfZurAyb3DRw5A8ZURRSdrzMANOjc root@ubuntu-xenial (ECDSA)
<14>Nov  5 22:02:03 ec2: 256 SHA256:qdnE8z9K0j74sqVWrtUlOyW+XSh+lZ4pgI2h0bAZ07g root@ubuntu-xenial (ED25519)
<14>Nov  5 22:02:03 ec2: 2048 SHA256:JJoKujqvNcuwAAvQgCla2PTtdw9UyDw8d3+pN0gClAQ root@ubuntu-xenial (RSA)
<14>Nov  5 22:02:03 ec2: -----END SSH HOST KEY FINGERPRINTS-----
<14>Nov  5 22:02:03 ec2: #############################################################
-----BEGIN SSH HOST KEY KEYS-----
ecdsa-sha2-nistp256 AAAAE2VjZHNhLXNoYTItbmlzdHAyNTYAAAAIbmlzdHAyNTYAAABBBCgN+1MYiZg6CMeiapgFO+AYuPCxhjPSoMGpvgxdqQ5VAJQSmODV5e5LDp/JSWF0nwSwWOkgouS4ymsb34LjWqY= root@ubuntu-xenial
ssh-ed25519 AAAAC3NzaC1lZDI1NTE5AAAAIGZSMlCyjfE/V5If/OrV0bSL/lvpKlI81sJIh0CJXhE1 root@ubuntu-xenial
ssh-rsa AAAAB3NzaC1yc2EAAAADAQABAAABAQDA5wbMDan+YoCfbnp5/HzuPvq8dxcG7KjRs5jCk2eQt03gv0lp9JMnYTnwIt6+SkUFRCtWDedv3GHG5WTtZXR3bs8j+rNqdmIL3VM0GEXJZk2WAp9FTT9LiEhT2S9xvX/xM8s9HtYzUWbzgXGtmDEXCEAX1nzx3XLsWzgw3tiwGtgjH/ZzQqVzZKycgJ/tPAps/6yGdVZ0nwx7jTW7i7wA5fhnWGRX9b9ZHqO79PcZKXioJOH/2bg0Rfyqm5Do7SZPabtcObfOofMF4FgjJo0pzpb/176VZkXwpVJxiiOHguNNE0f/rKkaIkH1wmm1w2ygig/7oX8SfQg0R/Ypx311 root@ubuntu-xenial
-----END SSH HOST KEY KEYS-----
[   96.509818] cloud-init[2073]: Cloud-init v. 21.1-19-gbad84ad4-0ubuntu1~16.04.2 running 'modules:final' at Tue, 05 Nov 2024 22:02:02 +0000. Up 95.40 seconds.
[   96.521667] cloud-init[2073]: ci-info: no authorized SSH keys fingerprints found for user ubuntu.
[   96.528262] cloud-init[2073]: Cloud-init v. 21.1-19-gbad84ad4-0ubuntu1~16.04.2 finished at Tue, 05 Nov 2024 22:02:03 +0000. Datasource DataSourceNoCloud [seed=/dev/sdb][dsmode=net].  Up 96.45 seconds
[[0;32m  OK  [0m] Stopped Unattended Upgrades Shutdown.
         Stopping Authenticate and Authorize Users to Run Privileged Tasks...
[[0;32m  OK  [0m] Stopped target Cloud-init target.
[[0;32m  OK  [0m] Stopped Execute cloud user/final scripts.
[[0;32m  OK  [0m] Stopped Apply the settings specified in cloud-config.
[[0;32m  OK  [0m] Stopped target Cloud-config availability.
[[0;32m  OK  [0m] Stopped target Timers.
[[0;32m  OK  [0m] Stopped Message of the Day.
[[0;32m  OK  [0m] Stopped Daily apt upgrade and clean activities.
[[0;32m  OK  [0m] Stopped Daily Cleanup of Temporary Directories.
         Stopping ACPI event daemon...
[[0;32m  OK  [0m] Stopped Daily apt download activities.
[[0;32m  OK  [0m] Closed Load/Save RF Kill Switch Status /dev/rfkill Watch.
         Stopping Session 5 of user vagrant.
[[0;32m  OK  [0m] Stopped target Graphical Interface.
         Stopping Accounts Service...
[[0;32m  OK  [0m] Stopped target Multi-User System.
         Stopping LSB: automatic crash report generation...
[[0;32m  OK  [0m] Stopped Wait until snapd is fully seeded.
         Stopping LSB: Set the CPU Frequency Scaling governor to "ondemand"...
         Stopping Virtualbox guest utils...
[[0;32m  OK  [0m] Stopped target Login Prompts.
         Stopping Getty on tty1...
         Stopping Serial Getty on ttyS0...
         Stopping D-Bus System Message Bus...
         Stopping LXD - container startup/shutdown...
         Stopping OpenBSD Secure Shell server...
         Stopping FUSE filesystem for LXC...
         Stopping Deferred execution scheduler...
         Stopping System Logging Service...
         Stopping Regular background program processing daemon...
         Stopping A high performance web server and a reverse proxy server...
         Stopping LSB: Record successful boot for GRUB...
         Stopping LSB: MD monitoring daemon...
         Stopping LSB: daemon to balance interrupts for SMP systems...
         Stopping User Manager for UID 1000...
[[0;32m  OK  [0m] Stopped Ubuntu Advantage update messaging.
[[0;32m  OK  [0m] Stopped target System Time Synchronized.
[[0;32m  OK  [0m] Unmounted /var/lib/lxcfs.
[[0;32m  OK  [0m] Stopped System Logging Service.
[[0;32m  OK  [0m] Stopped Deferred execution scheduler.
[[0;32m  OK  [0m] Stopped Regular background program processing daemon.
[[0;32m  OK  [0m] Stopped Accounts Service.
[[0;32m  OK  [0m] Stopped ACPI event daemon.
[[0;32m  OK  [0m] Stopped Getty on tty1.
[[0;32m  OK  [0m] Stopped Serial Getty on ttyS0.
[[0;32m  OK  [0m] Stopped Authenticate and Authorize Users to Run Privileged Tasks.
[[0;32m  OK  [0m] Stopped OpenBSD Secure Shell server.
[[0;32m  OK  [0m] Stopped User Manager for UID 1000.
[[0;32m  OK  [0m] Stopped Session 5 of user vagrant.
[[0;32m  OK  [0m] Stopped D-Bus System Message Bus.
[[0;32m  OK  [0m] Stopped A high performance web server and a reverse proxy server.
[[0;32m  OK  [0m] Stopped FUSE filesystem for LXC.
[[0;32m  OK  [0m] Stopped LXD - container startup/shutdown.
[[0;32m  OK  [0m] Removed slice User Slice of vagrant.
         Stopping Login Service...
[[0;32m  OK  [0m] Removed slice system-serial\x2dgetty.slice.
[[0;32m  OK  [0m] Stopped /etc/rc.local Compatibility.
         Stopping Permit User Sessions...
[[0;32m  OK  [0m] Removed slice system-getty.slice.
[[0;32m  OK  [0m] Stopped Login Service.
[[0;32m  OK  [0m] Stopped LSB: automatic crash report generation.
[[0;32m  OK  [0m] Stopped LSB: Set the CPU Frequency Scaling governor to "ondemand".
[[0;32m  OK  [0m] Stopped LSB: Record successful boot for GRUB.
[[0;32m  OK  [0m] Stopped LSB: MD monitoring daemon.
[[0;32m  OK  [0m] Stopped LSB: daemon to balance interrupts for SMP systems.
[[0;32m  OK  [0m] Stopped Permit User Sessions.
[[0;32m  OK  [0m] Stopped target Remote File Systems.
         Unmounting /vagrant...
[[0;32m  OK  [0m] Stopped target User and Group Name Lookups.
[[0;32m  OK  [0m] Unmounted /vagrant.
[[0;32m  OK  [0m] Stopped target Remote File Systems (Pre).
         Stopping Login to default iSCSI targets...
[[0;32m  OK  [0m] Stopped Virtualbox guest utils.
[[0;32m  OK  [0m] Stopped target Basic System.
[[0;32m  OK  [0m] Stopped target Sockets.
[[0;32m  OK  [0m] Closed LXD - unix socket.
[[0;32m  OK  [0m] Closed Socket activation for snappy daemon.
[[0;32m  OK  [0m] Closed Syslog Socket.
[[0;32m  OK  [0m] Closed UUID daemon activation socket.
[[0;32m  OK  [0m] Closed ACPID Listen Socket.
[[0;32m  OK  [0m] Closed D-Bus System Message Bus Socket.
[[0;32m  OK  [0m] Stopped target Paths.
[[0;32m  OK  [0m] Stopped ACPI Events Check.
[[0;32m  OK  [0m] Stopped Dispatch Password Requests to Console Directory Watch.
[[0;32m  OK  [0m] Stopped Forward Password Requests to Wall Directory Watch.
[[0;32m  OK  [0m] Stopped target Slices.
[[0;32m  OK  [0m] Removed slice User and Session Slice.
[[0;32m  OK  [0m] Stopped target System Initialization.
         Stopping Load/Save Random Seed...
[[0;32m  OK  [0m] Stopped target Swap.
[[0;32m  OK  [0m] Stopped target Encrypted Volumes.
         Stopping Update UTMP about System Boot/Shutdown...
[[0;32m  OK  [0m] Stopped Commit a transient machine-id on disk.
[[0;32m  OK  [0m] Stopped Load/Save Random Seed.
[[0;32m  OK  [0m] Stopped Update UTMP about System Boot/Shutdown.
[[0;32m  OK  [0m] Stopped Create Volatile Files and Directories.
[[0;32m  OK  [0m] Stopped Login to default iSCSI targets.
         Stopping iSCSI initiator daemon (iscsid)...
[[0;32m  OK  [0m] Stopped iSCSI initiator daemon (iscsid).
[[0;32m  OK  [0m] Stopped target Network is Online.
[[0;32m  OK  [0m] Stopped Initial cloud-init job (metadata service crawler).
[[0;32m  OK  [0m] Stopped target Network.
         Stopping Raise network interfaces...
[[0;32m  OK  [0m] Stopped Raise network interfaces.
[[0;32m  OK  [0m] Stopped target Local File Systems.
         Unmounting /run/user/1000...
[[0;32m  OK  [0m] Stopped target Network (Pre).
[[0;32m  OK  [0m] Stopped Initial cloud-init job (pre-networking).
[[0;32m  OK  [0m] Stopped Apply Kernel Variables.
[[0;32m  OK  [0m] Stopped Load Kernel Modules.
[[0;32m  OK  [0m] Unmounted /run/user/1000.
[[0;32m  OK  [0m] Reached target Unmount All Filesystems.
[[0;32m  OK  [0m] Stopped target Local File Systems (Pre).
         Stopping Monitoring of LVM2 mirrors... dmeventd or progress polling...
[[0;32m  OK  [0m] Stopped Create Static Device Nodes in /dev.
[[0;32m  OK  [0m] Stopped Remount Root and Kernel File Systems.
[[0;32m  OK  [0m] Reached target Shutdown.
[ 2108.792684] reboot: Power down
