[    0.000000] Initializing cgroup subsys cpuset
[    0.000000] Initializing cgroup subsys cpu
[    0.000000] Initializing cgroup subsys cpuacct
[    0.000000] Linux version 4.4.0-210-generic (buildd@lgw01-amd64-009) (gcc version 5.4.0 20160609 (Ubuntu 5.4.0-6ubuntu1~16.04.12) ) #242-Ubuntu SMP Fri Apr 16 09:57:56 UTC 2021 (Ubuntu 4.4.0-210.242-generic 4.4.262)
[    0.000000] Command line: BOOT_IMAGE=/boot/vmlinuz-4.4.0-210-generic root=LABEL=cloudimg-rootfs ro console=tty1 console=ttyS0
[    0.000000] KERNEL supported cpus:
[    0.000000]   Intel GenuineIntel
[    0.000000]   AMD AuthenticAMD
[    0.000000]   Centaur CentaurHauls
[    0.000000] x86/fpu: Legacy x87 FPU detected.
[    0.000000] e820: BIOS-provided physical RAM map:
[    0.000000] BIOS-e820: [mem 0x0000000000000000-0x000000000009fbff] usable
[    0.000000] BIOS-e820: [mem 0x000000000009fc00-0x000000000009ffff] reserved
[    0.000000] BIOS-e820: [mem 0x00000000000f0000-0x00000000000fffff] reserved
[    0.000000] BIOS-e820: [mem 0x0000000000100000-0x000000002ffeffff] usable
[    0.000000] BIOS-e820: [mem 0x000000002fff0000-0x000000002fffffff] ACPI data
[    0.000000] BIOS-e820: [mem 0x00000000fec00000-0x00000000fec00fff] reserved
[    0.000000] BIOS-e820: [mem 0x00000000fee00000-0x00000000fee00fff] reserved
[    0.000000] BIOS-e820: [mem 0x00000000fffc0000-0x00000000ffffffff] reserved
[    0.000000] NX (Execute Disable) protection: active
[    0.000000] SMBIOS 2.5 present.
[    0.000000] Hypervisor detected: KVM
[    0.000000] e820: last_pfn = 0x2fff0 max_arch_pfn = 0x400000000
[    0.000000] MTRR: Disabled
[    0.000000] x86/PAT: MTRRs disabled, skipping PAT initialization too.
[    0.000000] CPU MTRRs all blank - virtualized system.
[    0.000000] x86/PAT: Configuration [0-7]: WB  WT  UC- UC  WB  WT  UC- UC  
[    0.000000] found SMP MP-table at [mem 0x0009fff0-0x0009ffff] mapped at [ffff88000009fff0]
[    0.000000] Scanning 1 areas for low memory corruption
[    0.000000] RAMDISK: [mem 0x2e8c2000-0x2f74bfff]
[    0.000000] ACPI: Early table checksum verification disabled
[    0.000000] ACPI: RSDP 0x00000000000E0000 000024 (v02 VBOX  )
[    0.000000] ACPI: XSDT 0x000000002FFF0030 00003C (v01 VBOX   VBOXXSDT 00000001 ASL  00000061)
[    0.000000] ACPI: FACP 0x000000002FFF00F0 0000F4 (v04 VBOX   VBOXFACP 00000001 ASL  00000061)
[    0.000000] ACPI: DSDT 0x000000002FFF0610 002353 (v02 VBOX   VBOXBIOS 00000002 INTL 20100528)
[    0.000000] ACPI: FACS 0x000000002FFF0200 000040
[    0.000000] ACPI: FACS 0x000000002FFF0200 000040
[    0.000000] ACPI: APIC 0x000000002FFF0240 000054 (v02 VBOX   VBOXAPIC 00000001 ASL  00000061)
[    0.000000] ACPI: SSDT 0x000000002FFF02A0 00036C (v01 VBOX   VBOXCPUT 00000002 INTL 20100528)
[    0.000000] No NUMA configuration found
[    0.000000] Faking a node at [mem 0x0000000000000000-0x000000002ffeffff]
[    0.000000] NODE_DATA(0) allocated [mem 0x2ffeb000-0x2ffeffff]
[    0.000000] kvm-clock: Using msrs 4b564d01 and 4b564d00
[    0.000000] kvm-clock: cpu 0, msr 0:2ffe3001, primary cpu clock
[    0.000000] kvm-clock: using sched offset of 4860251582 cycles
[    0.000000] clocksource: kvm-clock: mask: 0xffffffffffffffff max_cycles: 0x1cd42e4dffb, max_idle_ns: 881590591483 ns
[    0.000000] Zone ranges:
[    0.000000]   DMA      [mem 0x0000000000001000-0x0000000000ffffff]
[    0.000000]   DMA32    [mem 0x0000000001000000-0x000000002ffeffff]
[    0.000000]   Normal   empty
[    0.000000]   Device   empty
[    0.000000] Movable zone start for each node
[    0.000000] Early memory node ranges
[    0.000000]   node   0: [mem 0x0000000000001000-0x000000000009efff]
[    0.000000]   node   0: [mem 0x0000000000100000-0x000000002ffeffff]
[    0.000000] Initmem setup node 0 [mem 0x0000000000001000-0x000000002ffeffff]
[    0.000000] ACPI: PM-Timer IO Port: 0x4008
[    0.000000] IOAPIC[0]: apic_id 1, version 32, address 0xfec00000, GSI 0-23
[    0.000000] ACPI: INT_SRC_OVR (bus 0 bus_irq 0 global_irq 2 dfl dfl)
[    0.000000] ACPI: INT_SRC_OVR (bus 0 bus_irq 9 global_irq 9 low level)
[    0.000000] Using ACPI (MADT) for SMP configuration information
[    0.000000] smpboot: Allowing 1 CPUs, 0 hotplug CPUs
[    0.000000] PM: Registered nosave memory: [mem 0x00000000-0x00000fff]
[    0.000000] PM: Registered nosave memory: [mem 0x0009f000-0x0009ffff]
[    0.000000] PM: Registered nosave memory: [mem 0x000a0000-0x000effff]
[    0.000000] PM: Registered nosave memory: [mem 0x000f0000-0x000fffff]
[    0.000000] e820: [mem 0x30000000-0xfebfffff] available for PCI devices
[    0.000000] Booting paravirtualized kernel on KVM
[    0.000000] clocksource: refined-jiffies: mask: 0xffffffff max_cycles: 0xffffffff, max_idle_ns: 7645519600211568 ns
[    0.000000] setup_percpu: NR_CPUS:512 nr_cpumask_bits:512 nr_cpu_ids:1 nr_node_ids:1
[    0.000000] PERCPU: Embedded 33 pages/cpu @ffff88002fc00000 s95192 r8192 d31784 u2097152
[    0.000000] Built 1 zonelists in Node order, mobility grouping on.  Total pages: 193400
[    0.000000] Policy zone: DMA32
[    0.000000] Kernel command line: BOOT_IMAGE=/boot/vmlinuz-4.4.0-210-generic root=LABEL=cloudimg-rootfs ro console=tty1 console=ttyS0
[    0.000000] PID hash table entries: 4096 (order: 3, 32768 bytes)
[    0.000000] Memory: 739876K/785976K available (8644K kernel code, 1332K rwdata, 4044K rodata, 1492K init, 1164K bss, 46100K reserved, 0K cma-reserved)
[    0.000000] SLUB: HWalign=64, Order=0-3, MinObjects=0, CPUs=1, Nodes=1
[    0.000000] Kernel/User page tables isolation: enabled
[    0.000000] Hierarchical RCU implementation.
[    0.000000] 	Build-time adjustment of leaf fanout to 64.
[    0.000000] 	RCU restricting CPUs from NR_CPUS=512 to nr_cpu_ids=1.
[    0.000000] RCU: Adjusting geometry for rcu_fanout_leaf=64, nr_cpu_ids=1
[    0.000000] NR_IRQS:33024 nr_irqs:256 16
[    0.000000] Console: colour VGA+ 80x25
[    0.000000] console [tty1] enabled
[    0.000000] console [ttyS0] enabled
[    0.000000] tsc: Detected 1439.952 MHz processor
[    0.533464] Calibrating delay loop (skipped) preset value.. 2879.90 BogoMIPS (lpj=5759808)
[    0.540806] pid_max: default: 32768 minimum: 301
[    0.544517] ACPI: Core revision 20150930
[    0.551780] ACPI: 2 ACPI AML tables successfully acquired and loaded
[    0.556911] Security Framework initialized
[    0.560312] Yama: becoming mindful.
[    0.563182] AppArmor: AppArmor initialized
[    0.566673] Dentry cache hash table entries: 131072 (order: 8, 1048576 bytes)
[    0.572893] Inode-cache hash table entries: 65536 (order: 7, 524288 bytes)
[    0.579357] Mount-cache hash table entries: 2048 (order: 2, 16384 bytes)
[    0.585060] Mountpoint-cache hash table entries: 2048 (order: 2, 16384 bytes)
[    0.591203] Initializing cgroup subsys io
[    0.594327] Initializing cgroup subsys memory
[    0.598310] Initializing cgroup subsys devices
[    0.602462] Initializing cgroup subsys freezer
[    0.606250] Initializing cgroup subsys net_cls
[    0.610597] Initializing cgroup subsys perf_event
[    0.615404] Initializing cgroup subsys net_prio
[    0.619341] Initializing cgroup subsys hugetlb
[    0.623816] Initializing cgroup subsys pids
[    0.633444] mce: CPU supports 0 MCE banks
[    0.637465] process: using mwait in idle threads
[    0.641942] Last level iTLB entries: 4KB 48, 2MB 0, 4MB 0
[    0.646949] Last level dTLB entries: 4KB 256, 2MB 16, 4MB 16, 1GB 0
[    0.652204] Spectre V1 : Mitigation: usercopy/swapgs barriers and __user pointer sanitization
[    0.660238] Spectre V2 : Mitigation: Full generic retpoline
[    0.665077] Spectre V2 : Spectre v2 / SpectreRSB mitigation: Filling RSB on context switch
[    0.673175] MDS: Vulnerable: Clear CPU buffers attempted, no microcode
[    0.765821] Freeing SMP alternatives memory: 36K
[    0.792394] ftrace: allocating 32380 entries in 127 pages
[    0.989312] smpboot: APIC(0) Converting physical 0 to logical package 0
[    0.995479] smpboot: Max logical packages: 1
[    1.001321] x2apic enabled
[    1.005660] Switched APIC routing to physical x2apic.
[    1.015319] ..TIMER: vector=0x30 apic1=0 pin1=2 apic2=-1 pin2=-1
[    1.129555] smpboot: CPU0: Intel(R) Atom(TM) x5-Z8350  CPU @ 1.44GHz (family: 0x6, model: 0x4c, stepping: 0x4)
[    1.137603] Performance Events: unsupported p6 CPU model 76 no PMU driver, software events only.
[    1.175931] KVM setup paravirtual spinlock
[    1.181091] x86: Booted up 1 node, 1 CPUs
[    1.184529] smpboot: Total of 1 processors activated (2879.90 BogoMIPS)
[    1.190632] devtmpfs: initialized
[    1.202412] evm: security.selinux
[    1.205505] evm: security.SMACK64
[    1.208546] evm: security.SMACK64EXEC
[    1.211730] evm: security.SMACK64TRANSMUTE
[    1.215407] evm: security.SMACK64MMAP
[    1.218708] evm: security.ima
[    1.221517] evm: security.capability
[    1.225369] clocksource: jiffies: mask: 0xffffffff max_cycles: 0xffffffff, max_idle_ns: 7645041785100000 ns
[    1.233914] futex hash table entries: 256 (order: 2, 16384 bytes)
[    1.239108] pinctrl core: initialized pinctrl subsystem
[    1.243872] RTC time: 18:12:33, date: 11/05/24
[    1.248229] NET: Registered protocol family 16
[    1.252791] cpuidle: using governor ladder
[    1.256703] cpuidle: using governor menu
[    1.260556] PCCT header not found.
[    1.264207] ACPI: bus type PCI registered
[    1.268158] acpiphp: ACPI Hot Plug PCI Controller Driver version: 0.5
[    1.274047] PCI: Using configuration type 1 for base access
[    1.283030] ACPI: Added _OSI(Module Device)
[    1.286884] ACPI: Added _OSI(Processor Device)
[    1.290821] ACPI: Added _OSI(3.0 _SCP Extensions)
[    1.295438] ACPI: Added _OSI(Processor Aggregator Device)
[    1.302291] ACPI: Executed 1 blocks of module-level executable AML code
[    1.314466] ACPI: Interpreter enabled
[    1.318659] ACPI: (supports S0 S5)
[    1.321896] ACPI: Using IOAPIC for interrupt routing
[    1.327099] PCI: Using host bridge windows from ACPI; if necessary, use "pci=nocrs" and report a bug
[    1.349635] ACPI: PCI Root Bridge [PCI0] (domain 0000 [bus 00-ff])
[    1.354569] acpi PNP0A03:00: _OSC: OS supports [ASPM ClockPM Segments MSI]
[    1.361712] acpi PNP0A03:00: _OSC: not requesting OS control; OS requires [ExtendedConfig ASPM ClockPM MSI]
[    1.369976] acpi PNP0A03:00: fail to add MMCONFIG information, can't access extended PCI configuration space under this bridge.
[    1.381159] PCI host bridge to bus 0000:00
[    1.385603] pci_bus 0000:00: root bus resource [io  0x0000-0x0cf7 window]
[    1.391529] pci_bus 0000:00: root bus resource [io  0x0d00-0xffff window]
[    1.397132] pci_bus 0000:00: root bus resource [mem 0x000a0000-0x000bffff window]
[    1.404085] pci_bus 0000:00: root bus resource [mem 0x30000000-0xfdffffff window]
[    1.411386] pci_bus 0000:00: root bus resource [bus 00-ff]
[    1.422918] pci 0000:00:01.1: legacy IDE quirk: reg 0x10: [io  0x01f0-0x01f7]
[    1.428670] pci 0000:00:01.1: legacy IDE quirk: reg 0x14: [io  0x03f6]
[    1.434514] pci 0000:00:01.1: legacy IDE quirk: reg 0x18: [io  0x0170-0x0177]
[    1.440722] pci 0000:00:01.1: legacy IDE quirk: reg 0x1c: [io  0x0376]
[    1.510731] pci 0000:00:07.0: quirk: [io  0x4000-0x403f] claimed by PIIX4 ACPI
[    1.517644] pci 0000:00:07.0: quirk: [io  0x4100-0x410f] claimed by PIIX4 SMB
[    1.566213] ACPI: PCI Interrupt Link [LNKA] (IRQs 5 9 10 *11)
[    1.574391] ACPI: PCI Interrupt Link [LNKB] (IRQs 5 9 *10 11)
[    1.581277] ACPI: PCI Interrupt Link [LNKC] (IRQs 5 *9 10 11)
[    1.588991] ACPI: PCI Interrupt Link [LNKD] (IRQs 5 9 10 *11)
[    1.596417] ACPI: Enabled 2 GPEs in block 00 to 07
[    1.647585] vgaarb: setting as boot device: PCI:0000:00:02.0
[    1.652802] vgaarb: device added: PCI:0000:00:02.0,decodes=io+mem,owns=io+mem,locks=none
[    1.660434] vgaarb: loaded
[    1.663747] vgaarb: bridge control possible 0000:00:02.0
[    1.670516] SCSI subsystem initialized
[    1.674887] ACPI: bus type USB registered
[    1.679909] usbcore: registered new interface driver usbfs
[    1.685240] usbcore: registered new interface driver hub
[    1.690091] usbcore: registered new device driver usb
[    1.695483] PCI: Using ACPI for IRQ routing
[    1.700926] NetLabel: Initializing
[    1.704254] NetLabel:  domain hash size = 128
[    1.708129] NetLabel:  protocols = UNLABELED CIPSOv4
[    1.712719] NetLabel:  unlabeled traffic allowed by default
[    1.718847] amd_nb: Cannot enumerate AMD northbridges
[    1.723394] clocksource: Switched to clocksource kvm-clock
[    1.748863] AppArmor: AppArmor Filesystem Enabled
[    1.753378] pnp: PnP ACPI init
[    1.759728] pnp: PnP ACPI: found 3 devices
[    1.774641] clocksource: acpi_pm: mask: 0xffffff max_cycles: 0xffffff, max_idle_ns: 2085701024 ns
[    1.782250] NET: Registered protocol family 2
[    1.786897] TCP established hash table entries: 8192 (order: 4, 65536 bytes)
[    1.792808] TCP bind hash table entries: 8192 (order: 5, 131072 bytes)
[    1.798831] TCP: Hash tables configured (established 8192 bind 8192)
[    1.804139] UDP hash table entries: 512 (order: 2, 16384 bytes)
[    1.809687] UDP-Lite hash table entries: 512 (order: 2, 16384 bytes)
[    1.814894] NET: Registered protocol family 1
[    1.819214] pci 0000:00:00.0: Limiting direct PCI/PCI transfers
[    1.824478] pci 0000:00:01.0: Activating ISA DMA hang workarounds
[    1.829901] Unpacking initramfs...
[    2.375036] Freeing initrd memory: 14888K
[    2.379869] clocksource: tsc: mask: 0xffffffffffffffff max_cycles: 0x14c18d8318f, max_idle_ns: 440795250378 ns
[    2.389892] platform rtc_cmos: registered platform RTC device (no PNP device found)
[    2.398261] Scanning for low memory corruption every 60 seconds
[    2.404732] audit: initializing netlink subsys (disabled)
[    2.409782] audit: type=2000 audit(1730830360.227:1): initialized
[    2.416128] Initialise system trusted keyring
[    2.420664] HugeTLB registered 2 MB page size, pre-allocated 0 pages
[    2.432003] zbud: loaded
[    2.435674] VFS: Disk quotas dquot_6.6.0
[    2.439184] VFS: Dquot-cache hash table entries: 512 (order 0, 4096 bytes)
[    2.445694] squashfs: version 4.0 (2009/01/31) Phillip Lougher
[    2.452163] fuse init (API version 7.23)
[    2.456213] Key type big_key registered
[    2.459798] Allocating IMA MOK and blacklist keyrings.
[    2.465553] Key type asymmetric registered
[    2.469513] Asymmetric key parser 'x509' registered
[    2.474170] Block layer SCSI generic (bsg) driver version 0.4 loaded (major 249)
[    2.481092] io scheduler noop registered
[    2.484725] io scheduler deadline registered (default)
[    2.489244] io scheduler cfq registered
[    2.493311] pci_hotplug: PCI Hot Plug PCI Core version: 0.5
[    2.498283] pciehp: PCI Express Hot Plug Controller Driver version: 0.4
[    2.503915] ACPI: AC Adapter [AC] (off-line)
[    2.507709] input: Power Button as /devices/LNXSYSTM:00/LNXPWRBN:00/input/input0
[    2.514756] ACPI: Power Button [PWRF]
[    2.519140] input: Sleep Button as /devices/LNXSYSTM:00/LNXSLPBN:00/input/input1
[    2.526072] ACPI: Sleep Button [SLPF]
[    2.532442] ACPI: Battery Slot [BAT0] (battery present)
[    2.536719] GHES: HEST is not enabled!
[    2.540992] Serial: 8250/16550 driver, 32 ports, IRQ sharing enabled
[    2.569414] 00:02: ttyS0 at I/O 0x3f8 (irq = 4, base_baud = 115200) is a 16550A
[    2.580337] Linux agpgart interface v0.103
[    2.586872] loop: module loaded
[    2.591740] scsi host0: ata_piix
[    2.594768] scsi host1: ata_piix
[    2.598343] ata1: PATA max UDMA/33 cmd 0x1f0 ctl 0x3f6 bmdma 0xd000 irq 14
[    2.603396] ata2: PATA max UDMA/33 cmd 0x170 ctl 0x376 bmdma 0xd008 irq 15
[    2.610090] libphy: Fixed MDIO Bus: probed
[    2.614739] tun: Universal TUN/TAP device driver, 1.6
[    2.619109] tun: (C) 1999-2004 Max Krasnyansky <maxk@qualcomm.com>
[    2.624498] PPP generic driver version 2.4.2
[    2.628351] ehci_hcd: USB 2.0 'Enhanced' Host Controller (EHCI) Driver
[    2.633349] ehci-pci: EHCI PCI platform driver
[    2.637133] ehci-platform: EHCI generic platform driver
[    2.641632] ohci_hcd: USB 1.1 'Open' Host Controller (OHCI) Driver
[    2.646649] ohci-pci: OHCI PCI platform driver
[    2.650665] ohci-platform: OHCI generic platform driver
[    2.655267] uhci_hcd: USB Universal Host Controller Interface driver
[    2.660697] i8042: PNP: PS/2 Controller [PNP0303:PS2K,PNP0f03:PS2M] at 0x60,0x64 irq 1,12
[    2.669455] serio: i8042 KBD port at 0x60,0x64 irq 1
[    2.673666] serio: i8042 AUX port at 0x60,0x64 irq 12
[    2.678440] mousedev: PS/2 mouse device common for all mice
[    2.684507] input: AT Translated Set 2 keyboard as /devices/platform/i8042/serio0/input/input2
[    2.693293] rtc_cmos rtc_cmos: rtc core: registered rtc_cmos as rtc0
[    2.699317] rtc_cmos rtc_cmos: alarms up to one day, 114 bytes nvram
[    2.704894] i2c /dev entries driver
[    2.708835] device-mapper: uevent: version 1.0.3
[    2.713614] device-mapper: ioctl: 4.34.0-ioctl (2015-10-28) initialised: dm-devel@redhat.com
[    2.722431] ledtrig-cpu: registered to indicate activity on CPUs
[    2.729004] NET: Registered protocol family 10
[    2.734269] NET: Registered protocol family 17
[    2.738868] Key type dns_resolver registered
[    2.744500] registered taskstats version 1
[    2.748428] Loading compiled-in X.509 certificates
[    2.755082] Loaded X.509 cert 'Build time autogenerated kernel key: cf00e047681d67edb2720680708b7d9498083038'
[    2.797210] zswap: loaded using pool lzo/zbud
[    2.810337] Key type trusted registered
[    2.829135] Key type encrypted registered
[    2.832904] AppArmor: AppArmor sha1 policy hashing enabled
[    2.838098] ima: No TPM chip found, activating TPM-bypass!
[    2.843284] ima: Allocated hash algorithm: sha1
[    2.847759] evm: HMAC attrs: 0x1
[    2.852703]   Magic number: 0:484:240
[    2.856919] rtc_cmos rtc_cmos: setting system clock to 2024-11-05 18:12:34 UTC (1730830354)
[    2.865206] BIOS EDD facility v0.16 2004-Jun-25, 0 devices found
[    2.870575] EDD information not available.
[    2.879218] Freeing unused kernel memory: 1492K
[    2.883803] Write protecting the kernel read-only data: 14336k
[    2.891272] Freeing unused kernel memory: 1584K
[    2.896245] Freeing unused kernel memory: 52K
Loading, please wait...
starting version 229
[    2.958132] random: systemd-udevd: uninitialized urandom read (16 bytes read, 3 bits of entropy available)
[    2.969786] random: udevadm: uninitialized urandom read (16 bytes read, 3 bits of entropy available)
[    2.979255] random: systemd-udevd: uninitialized urandom read (16 bytes read, 3 bits of entropy available)
[    2.987605] random: udevadm: uninitialized urandom read (16 bytes read, 3 bits of entropy available)
[    2.995396] random: systemd-udevd: uninitialized urandom read (16 bytes read, 3 bits of entropy available)
[    3.007694] random: systemd-udevd: uninitialized urandom read (16 bytes read, 3 bits of entropy available)
[    3.054270] random: systemd-udevd: uninitialized urandom read (16 bytes read, 3 bits of entropy available)
[    3.067638] random: systemd-udevd: uninitialized urandom read (16 bytes read, 3 bits of entropy available)
[    3.083718] random: systemd-udevd: uninitialized urandom read (16 bytes read, 3 bits of entropy available)
[    3.094313] random: udevadm: uninitialized urandom read (16 bytes read, 3 bits of entropy available)
[    3.451443] Fusion MPT base driver 3.04.20
[    3.455464] Copyright (c) 1999-2008 LSI Corporation
[    3.467878] e1000: Intel(R) PRO/1000 Network Driver - version 7.3.21-k8-NAPI
[    3.474119] e1000: Copyright (c) 1999-2006 Intel Corporation.
[    3.548732] Fusion MPT SPI Host driver 3.04.20
[    3.698073] SSE version of gcm_enc/dec engaged.
[    3.719454] input: ImExPS/2 Generic Explorer Mouse as /devices/platform/i8042/serio1/input/input4
[    4.387201] e1000 0000:00:03.0 eth0: (PCI:33MHz:32-bit) 02:be:82:6b:cc:1d
[    4.393150] e1000 0000:00:03.0 eth0: Intel(R) PRO/1000 Network Connection
[    4.400686] mptbase: ioc0: Initiating bringup
[    4.474567] ioc0: LSI53C1030 A0: Capabilities={Initiator}
[    4.676179] scsi host2: ioc0: LSI53C1030 A0, FwRev=00000000h, Ports=1, MaxQ=256, IRQ=20
[    4.825375] scsi 2:0:0:0: Direct-Access     VBOX     HARDDISK         1.0  PQ: 0 ANSI: 5
[    4.864258] scsi target2:0:0: Beginning Domain Validation
[    4.887168] scsi target2:0:0: Domain Validation skipping write tests
[    4.898520] scsi target2:0:0: Ending Domain Validation
[    4.934573] scsi target2:0:0: asynchronous
[    4.972838] scsi 2:0:1:0: Direct-Access     VBOX     HARDDISK         1.0  PQ: 0 ANSI: 5
[    4.988834] scsi target2:0:1: Beginning Domain Validation
[    5.073697] scsi target2:0:1: Domain Validation skipping write tests
[    5.084750] scsi target2:0:1: Ending Domain Validation
[    5.098387] scsi target2:0:1: asynchronous
[    5.357243] sd 2:0:0:0: Attached scsi generic sg0 type 0
[    5.362612] sd 2:0:0:0: [sda] 83886080 512-byte logical blocks: (42.9 GB/40.0 GiB)
[    5.371028] sd 2:0:1:0: [sdb] 20480 512-byte logical blocks: (10.5 MB/10.0 MiB)
[    5.377694] sd 2:0:1:0: Attached scsi generic sg1 type 0
[    5.393382] sd 2:0:1:0: [sdb] Write Protect is off
[    5.397535] sd 2:0:0:0: [sda] Write Protect is off
[    5.402243] sd 2:0:1:0: [sdb] Incomplete mode parameter data
[    5.407116] sd 2:0:1:0: [sdb] Assuming drive cache: write through
[    5.457938] sd 2:0:0:0: [sda] Incomplete mode parameter data
[    5.462659] sd 2:0:0:0: [sda] Assuming drive cache: write through
[    5.572229]  sda: sda1
[    5.578440] sd 2:0:0:0: [sda] Attached SCSI disk
[    5.594600] sd 2:0:1:0: [sdb] Attached SCSI disk
[    5.781052] e1000 0000:00:08.0 eth1: (PCI:33MHz:32-bit) 08:00:27:9a:8a:fd
[    5.786105] e1000 0000:00:08.0 eth1: Intel(R) PRO/1000 Network Connection
[    5.798141] e1000 0000:00:03.0 enp0s3: renamed from eth0
[    5.808412] e1000 0000:00:08.0 enp0s8: renamed from eth1
Begin: Loading essential drivers ... [    8.453367] md: linear personality registered for level -1
[    8.468685] md: multipath personality registered for level -4
[    8.484076] md: raid0 personality registered for level 0
[    8.502245] md: raid1 personality registered for level 1
[    8.591795] raid6: sse2x1   gen()  1934 MB/s
[    8.660240] raid6: sse2x1   xor()  1974 MB/s
[    8.727704] raid6: sse2x2   gen()   677 MB/s
[    8.796140] raid6: sse2x2   xor()  1866 MB/s
[    8.863658] raid6: sse2x4   gen()   571 MB/s
[    8.931549] raid6: sse2x4   xor()   736 MB/s
[    8.935312] raid6: using algorithm sse2x1 gen() 1934 MB/s
[    8.940264] raid6: .... xor() 1974 MB/s, rmw enabled
[    8.944317] raid6: using ssse3x2 recovery algorithm
[    8.956594] xor: measuring software checksum speed
[    8.999474]    prefetch64-sse:  4902.000 MB/sec
[    9.039591]    generic_sse:  5534.000 MB/sec
[    9.044185] xor: using function: generic_sse (5534.000 MB/sec)
[    9.058484] async_tx: api initialized (async)
[    9.110846] md: raid6 personality registered for level 6
[    9.115258] md: raid5 personality registered for level 5
[    9.119486] md: raid4 personality registered for level 4
[    9.152807] md: raid10 personality registered for level 10
done.
Begin: Running /scripts/init-premount ... done.
Begin: Mounting root file system ... Begin: Running /scripts/local-top ... done.
Begin: Running /scripts/local-premount ... [    9.280088] Btrfs loaded
Scanning for Btrfs filesystems
done.
Warning: fsck not present, so skipping root file system
[    9.437184] EXT4-fs (sda1): mounted filesystem with ordered data mode. Opts: (null)
done.
Begin: Running /scripts/local-bottom ... done.
Begin: Running /scripts/init-bottom ... done.
[   10.486679] systemd[1]: systemd 229 running in system mode. (+PAM +AUDIT +SELINUX +IMA +APPARMOR +SMACK +SYSVINIT +UTMP +LIBCRYPTSETUP +GCRYPT +GNUTLS +ACL +XZ -LZ4 +SECCOMP +BLKID +ELFUTILS +KMOD -IDN)
[   10.521245] systemd[1]: Detected virtualization oracle.
[   10.530142] systemd[1]: Detected architecture x86-64.
[   10.540156] random: nonblocking pool is initialized

Welcome to [1mUbuntu 16.04.7 LTS[0m!

[   10.580462] systemd[1]: Set hostname to <mydebnginx>.
[   11.970773] systemd[1]: Listening on LVM2 poll daemon socket.
[[0;32m  OK  [0m] Listening on LVM2 poll daemon socket.
[   11.980000] systemd[1]: Reached target System Time Synchronized.
[[0;32m  OK  [0m] Reached target System Time Synchronized.
[   11.988444] systemd[1]: Reached target Swap.
[[0;32m  OK  [0m] Reached target Swap.
[   11.997053] systemd[1]: Created slice User and Session Slice.
[[0;32m  OK  [0m] Created slice User and Session Slice.
[   12.006493] systemd[1]: Listening on Journal Socket.
[[0;32m  OK  [0m] Listening on Journal Socket.
[   12.014859] systemd[1]: Listening on Journal Socket (/dev/log).
[[0;32m  OK  [0m] Listening on Journal Socket (/dev/log).
[   12.024502] systemd[1]: Listening on Journal Audit Socket.
[[0;32m  OK  [0m] Listening on Journal Audit Socket.
[   12.033455] systemd[1]: Listening on LVM2 metadata daemon socket.
[[0;32m  OK  [0m] Listening on LVM2 metadata daemon socket.
[   12.042390] systemd[1]: Listening on Syslog Socket.
[[0;32m  OK  [0m] Listening on Syslog Socket.
[   12.050409] systemd[1]: Listening on /dev/initctl Compatibility Named Pipe.
[[0;32m  OK  [0m] Listening on /dev/initctl Compatibility Named Pipe.
[   12.060339] systemd[1]: Reached target Encrypted Volumes.
[[0;32m  OK  [0m] Reached target Encrypted Volumes.
[   12.068266] systemd[1]: Listening on udev Kernel Socket.
[[0;32m  OK  [0m] Listening on udev Kernel Socket.
[   12.076376] systemd[1]: Listening on fsck to fsckd communication Socket.
[[0;32m  OK  [0m] Listening on fsck to fsckd communication Socket.
[   12.086098] systemd[1]: Listening on udev Control Socket.
[[0;32m  OK  [0m] Listening on udev Control Socket.
[   12.094135] systemd[1]: Reached target User and Group Name Lookups.
[[0;32m  OK  [0m] Reached target User and Group Name Lookups.
[   12.104659] systemd[1]: Created slice System Slice.
[[0;32m  OK  [0m] Created slice System Slice.
[   12.115819] systemd[1]: Starting Create list of required static device nodes for the current kernel...
         Starting Create list of required st... nodes for the current kernel...
[   12.131711] systemd[1]: Reached target Slices.
[[0;32m  OK  [0m] Reached target Slices.
[   12.142872] systemd[1]: Mounting Huge Pages File System...
         Mounting Huge Pages File System...
[   12.157283] systemd[1]: Created slice system-serial\x2dgetty.slice.
[[0;32m  OK  [0m] Created slice system-serial\x2dgetty.slice.
[   12.187079] systemd[1]: Starting File System Check on Root Device...
         Starting File System Check on Root Device...
[   12.207073] systemd[1]: Starting Nameserver information manager...
         Starting Nameserver information manager...
[   12.237400] systemd[1]: Starting Uncomplicated firewall...
         Starting Uncomplicated firewall...
[   12.261385] systemd[1]: Mounting POSIX Message Queue File System...
         Mounting POSIX Message Queue File System...
[   12.287200] systemd[1]: Mounting Debug File System...
         Mounting Debug File System...
[   12.324411] systemd[1]: Starting Journal Service...
         Starting Journal Service...
[   12.357289] systemd[1]: Starting Set console keymap...
         Starting Set console keymap...
[   12.498052] systemd[1]: Starting Load Kernel Modules...
         Starting Load Kernel Modules...
[   12.524813] systemd[1]: Set up automount Arbitrary Executable File Formats File System Automount Point.
[[0;32m  OK  [0m] Set up automount Arbitrary Executab...ats File System Automount Point.
[   12.581945] systemd[1]: Listening on Device-mapper event daemon FIFOs.
[[0;32m  OK  [0m] Listening on Device-mapper event daemon FIFOs.
[   12.606232] systemd[1]: Starting Monitoring of LVM2 mirrors, snapshots etc. using dmeventd or progress polling...
         Starting Monitoring of LVM2 mirrors... dmeventd or progress polling...
[   12.645364] systemd[1]: Started Forward Password Requests to Wall Directory Watch.
[[0;32m  OK  [0m] Started Forward Password Requests to Wall Directory Watch.
[   12.663309] systemd[1]: Started Trigger resolvconf update for networkd DNS.
[[0;32m  OK  [0m] Started Trigger resolvconf update for networkd DNS.
[   12.696089] systemd[1]: Mounted Huge Pages File System.
[[0;32m  OK  [0m] Mounted Huge Pages File System.
[   12.724280] systemd[1]: Mounted POSIX Message Queue File System.
[[0;32m  OK  [0m] Mounted POSIX Message Queue File System.
[   12.743109] systemd[1]: Mounted Debug File System.
[[0;32m  OK  [0m] Mounted Debug File System.
[   12.768964] systemd[1]: Started Create list of required static device nodes for the current kernel.
[   12.788607] Loading iSCSI transport class v2.0-870.
[[0;32m  OK  [0m] Started Create list of required sta...ce nodes for the current kernel.
[   12.801482] systemd[1]: Started File System Check on Root Device.
[[0;32m  OK  [0m] Started File System Check on Root Device.
[   12.827539] systemd[1]: Started Uncomplicated firewall.
[[0;32m  OK  [0m] Started Uncomplicated firewall.
[   12.889404] systemd[1]: Started Nameserver information manager.
[[0;32m  OK  [0m] Started Nameserver information manager.
[   12.942000] systemd[1]: Started File System Check Daemon to report status.
[[0;32m  OK  [0m] Started File System Check Daemon to report status.
[   12.969499] systemd[1]: Starting Remount Root and Kernel File Systems...
         Starting Remount Root and Kernel File Systems...
[   13.007345] systemd[1]: Starting Create Static Device Nodes in /dev...
         Starting Create Static Device Nodes in /dev...
[   13.054277] systemd[1]: Started LVM2 metadata daemon.
[[0;32m  OK  [0m] Started LVM2 metadata daemon.
[   13.095519] iscsi: registered transport (tcp)
[   13.125327] EXT4-fs (sda1): re-mounted. Opts: (null)
[   13.148663] systemd[1]: Started Remount Root and Kernel File Systems.
[[0;32m  OK  [0m] Started Remount Root and Kernel File Systems.
[   13.185319] systemd[1]: Starting Load/Save Random Seed...
         Starting Load/Save Random Seed...
[   13.233215] systemd[1]: Starting udev Coldplug all Devices...
         Starting udev Coldplug all Devices...
[   13.278879] systemd[1]: Started Journal Service.
[[0;32m  OK  [0m] Started Journal Service.
         Starting Flush Journal to Persistent Storage...
[[0;32m  OK  [0m] Started Load/Save Random Seed.
[   13.420795] systemd-journald[380]: Received request to flush runtime journal from PID 1
[[0;32m  OK  [0m] Started Flush Journal to Persistent Storage.
[[0;32m  OK  [0m] Started Create Static Device Nodes in /dev.
         Starting udev Kernel Device Manager...
[   13.641765] iscsi: registered transport (iser)
[[0;32m  OK  [0m] Started Monitoring of LVM2 mirrors,...ng dmeventd or progress polling.
[[0;32m  OK  [0m] Started Load Kernel Modules.
         Starting Apply Kernel Variables...
         Mounting FUSE Control File System...
[[0;32m  OK  [0m] Mounted FUSE Control File System.
[[0;32m  OK  [0m] Started Apply Kernel Variables.
[[0;32m  OK  [0m] Started udev Kernel Device Manager.
[[0;32m  OK  [0m] Started Set console keymap.
[[0;32m  OK  [0m] Reached target Local File Systems (Pre).
[[0;32m  OK  [0m] Reached target Local File Systems.
         Starting Set console font and keymap...
         Starting LSB: AppArmor initialization...
         Starting Create Volatile Files and Directories...
         Starting Initial cloud-init job (pre-networking)...
         Starting Tell Plymouth To Write Out Runtime Data...
[[0;32m  OK  [0m] Started udev Coldplug all Devices.
[[0;32m  OK  [0m] Started Dispatch Password Requests to Console Directory Watch.
[[0;32m  OK  [0m] Started Tell Plymouth To Write Out Runtime Data.
[[0;32m  OK  [0m] Started Create Volatile Files and Directories.
         Starting Update UTMP about System Boot/Shutdown...
[[0;32m  OK  [0m] Started Update UTMP about System Boot/Shutdown.
[[0;32m  OK  [0m] Started LSB: AppArmor initialization.
[[0;32m  OK  [0m] Found device /dev/ttyS0.
         Starting Load AppArmor profiles managed internally by snapd...
[[0;32m  OK  [0m] Started Load AppArmor profiles managed internally by snapd.
[[0;32m  OK  [0m] Listening on Load/Save RF Kill Switch Status /dev/rfkill Watch.
[[0;32m  OK  [0m] Found device 82540EM Gigabit Ethern...r (PRO/1000 MT Desktop Adapter).
[[0;32m  OK  [0m] Found device 82540EM Gigabit Ethern...r (PRO/1000 MT Desktop Adapter).
[[0;32m  OK  [0m] Started Set console font and keymap.
[[0;32m  OK  [0m] Created slice system-getty.slice.
[   23.999783] cloud-init[498]: Cloud-init v. 21.1-19-gbad84ad4-0ubuntu1~16.04.2 running 'init-local' at Tue, 05 Nov 2024 18:12:53 +0000. Up 21.51 seconds.
[[0;32m  OK  [0m] Started Initial cloud-init job (pre-networking).
[[0;32m  OK  [0m] Reached target Network (Pre).
         Starting Raise network interfaces...
[[0;32m  OK  [0m] Started ifup for enp0s8.
[[0;32m  OK  [0m] Started ifup for enp0s3.
[[0;32m  OK  [0m] Started Raise network interfaces.
[[0;32m  OK  [0m] Reached target Network.
         Starting Initial cloud-init job (metadata service crawler)...
[   29.240721] cloud-init[1090]: Cloud-init v. 21.1-19-gbad84ad4-0ubuntu1~16.04.2 running 'init' at Tue, 05 Nov 2024 18:12:59 +0000. Up 27.38 seconds.
[   29.270398] cloud-init[1090]: ci-info: ++++++++++++++++++++++++++++++++++++++Net device info+++++++++++++++++++++++++++++++++++++++
[   29.290377] cloud-init[1090]: ci-info: +--------+------+-----------------------------+---------------+--------+-------------------+
[   29.301618] cloud-init[1090]: ci-info: | Device |  Up  |           Address           |      Mask     | Scope  |     Hw-Address    |
[   29.317527] cloud-init[1090]: ci-info: +--------+------+-----------------------------+---------------+--------+-------------------+
[   29.333355] cloud-init[1090]: ci-info: | enp0s3 | True |          10.0.2.15          | 255.255.255.0 | global | 02:be:82:6b:cc:1d |
[   29.346461] cloud-init[1090]: ci-info: | enp0s3 | True |  fe80::be:82ff:fe6b:cc1d/64 |       .       |  link  | 02:be:82:6b:cc:1d |
[   29.361268] cloud-init[1090]: ci-info: | enp0s8 | True |        192.168.56.101       | 255.255.255.0 | global | 08:00:27:9a:8a:fd |
[   29.381770] cloud-init[1090]: ci-info: | enp0s8 | True | fe80::a00:27ff:fe9a:8afd/64 |       .       |  link  | 08:00:27:9a:8a:fd |
[   29.401497] cloud-init[1090]: ci-info: |   lo   | True |          127.0.0.1          |   255.0.0.0   |  host  |         .         |
[   29.413820] cloud-init[1090]: ci-info: |   lo   | True |           ::1/128           |       .       |  host  |         .         |
[   29.433510] cloud-init[1090]: ci-info: +--------+------+-----------------------------+---------------+--------+-------------------+
[   29.445513] cloud-init[1090]: ci-info: ++++++++++++++++++++++++++++Route IPv4 info++++++++++++++++++++++++++++
[   29.461600] cloud-init[1090]: ci-info: +-------+--------------+----------+---------------+-----------+-------+
[   29.477879] cloud-init[1090]: ci-info: | Route | Destination  | Gateway  |    Genmask    | Interface | Flags |
[   29.497650] cloud-init[1090]: ci-info: +-------+--------------+----------+---------------+-----------+-------+
[   29.509912] cloud-init[1090]: ci-info: |   0   |   0.0.0.0    | 10.0.2.2 |    0.0.0.0    |   enp0s3  |   UG  |
[   29.521783] cloud-init[1090]: ci-info: |   1   |   10.0.2.0   | 0.0.0.0  | 255.255.255.0 |   enp0s3  |   U   |
[   29.537597] cloud-init[1090]: ci-info: |   2   | 192.168.56.0 | 0.0.0.0  | 255.255.255.0 |   enp0s8  |   U   |
[   29.557723] cloud-init[1090]: ci-info: +-------+--------------+----------+---------------+-----------+-------+
[   29.570400] cloud-init[1090]: ci-info: +++++++++++++++++++Route IPv6 info+++++++++++++++++++
[   29.585175] cloud-init[1090]: ci-info: +-------+-------------+---------+-----------+-------+
[   29.605413] cloud-init[1090]: ci-info: | Route | Destination | Gateway | Interface | Flags |
[   29.618140] cloud-init[1090]: ci-info: +-------+-------------+---------+-----------+-------+
[   29.627796] cloud-init[1090]: ci-info: |   0   |  fe80::/64  |    ::   |   enp0s8  |   U   |
[   29.641842] cloud-init[1090]: ci-info: |   1   |  fe80::/64  |    ::   |   enp0s3  |   U   |
[   29.654217] cloud-init[1090]: ci-info: |   6   |   ff00::/8  |    ::   |   enp0s8  |   U   |
[   29.665225] cloud-init[1090]: ci-info: |   7   |   ff00::/8  |    ::   |   enp0s3  |   U   |
[   29.677331] cloud-init[1090]: ci-info: +-------+-------------+---------+-----------+-------+
[[0;32m  OK  [0m] Started Initial cloud-init job (metadata service crawler).
[[0;32m  OK  [0m] Reached target Network is Online.
         Starting iSCSI initiator daemon (iscsid)...
[[0;32m  OK  [0m] Reached target Cloud-config availability.
[[0;32m  OK  [0m] Reached target System Initialization.
[[0;32m  OK  [0m] Started Daily apt download activities.
[[0;32m  OK  [0m] Listening on D-Bus System Message Bus Socket.
[[0;32m  OK  [0m] Started Message of the Day.
[[0;32m  OK  [0m] Started Daily apt upgrade and clean activities.
[[0;32m  OK  [0m] Started Ubuntu Advantage update messaging.
[[0;32m  OK  [0m] Started ACPI Events Check.
[[0;32m  OK  [0m] Reached target Paths.
[[0;32m  OK  [0m] Listening on ACPID Listen Socket.
[[0;32m  OK  [0m] Started Daily Cleanup of Temporary Directories.
[[0;32m  OK  [0m] Reached target Timers.
         Starting Socket activation for snappy daemon.
         Starting LXD - unix socket.
[[0;32m  OK  [0m] Listening on UUID daemon activation socket.
[[0;32m  OK  [0m] Listening on Socket activation for snappy daemon.
[[0;32m  OK  [0m] Listening on LXD - unix socket.
[[0;32m  OK  [0m] Reached target Sockets.
[[0;32m  OK  [0m] Reached target Basic System.
         Starting A high performance web server and a reverse proxy server...
[[0;32m  OK  [0m] Started Deferred execution scheduler.
         Starting LXD - container startup/shutdown...
[[0;32m  OK  [0m] Started D-Bus System Message Bus.
[[0;32m  OK  [0m] Started ACPI event daemon.
         Starting Accounts Service...
         Starting OpenBSD Secure Shell server...
[[0;32m  OK  [0m] Started Regular background program processing daemon.
[[0;32m  OK  [0m] Started FUSE filesystem for LXC.
         Starting LSB: Record successful boot for GRUB...
         Starting LSB: MD monitoring daemon...
         Starting Login Service...
         Starting System Logging Service...
         Starting Virtualbox guest utils...
         Starting /etc/rc.local Compatibility...
         Starting Snap Daemon...
[[0;32m  OK  [0m] Started iSCSI initiator daemon (iscsid).
[[0;32m  OK  [0m] Started /etc/rc.local Compatibility.
         Starting Login to default iSCSI targets...
[[0;32m  OK  [0m] Started Login Service.
[[0;32m  OK  [0m] Started Unattended Upgrades Shutdown.
[[0;32m  OK  [0m] Started LSB: Record successful boot for GRUB.
[[0;32m  OK  [0m] Started LSB: MD monitoring daemon.
[[0;32m  OK  [0m] Started Login to default iSCSI targets.
[[0;32m  OK  [0m] Reached target Remote File Systems (Pre).
         Mounting /var/www/html...
[[0;32m  OK  [0m] Started System Logging Service.
[[0;1;31mFAILED[0m] Failed to mount /var/www/html.
See 'systemctl status var-www-html.mount' for details.
[[0;1;33mDEPEND[0m] Dependency failed for Remote File Systems.
         Starting LSB: automatic crash report generation...
         Starting Permit User Sessions...
         Starting LSB: daemon to balance interrupts for SMP systems...
         Starting LSB: Set the CPU Frequency Scaling governor to "ondemand"...
[[0;32m  OK  [0m] Started Permit User Sessions.
         Starting Terminate Plymouth Boot Screen...
         Starting Hold until boot process finishes up...
[[0;32m  OK  [0m] Started Hold until boot process finishes up.
[[0;32m  OK  [0m] Started Getty on tty1.
[[0;32m  OK  [0m] Started Serial Getty on ttyS0.
[[0;32m  OK  [0m] Reached target Login Prompts.
         Starting Set console scheme...
[[0;32m  OK  [0m] Started Terminate Plymouth Boot Screen.
[[0;32m  OK  [0m] Started Set console scheme.
         Starting Authenticate and Authorize Users to Run Privileged Tasks...
[[0;32m  OK  [0m] Started OpenBSD Secure Shell server.
[[0;32m  OK  [0m] Started LSB: Set the CPU Frequency Scaling governor to "ondemand".
[[0;32m  OK  [0m] Started A high performance web server and a reverse proxy server.
[[0;32m  OK  [0m] Started Virtualbox guest utils.
[[0;32m  OK  [0m] Started LXD - container startup/shutdown.
[[0;32m  OK  [0m] Started Authenticate and Authorize Users to Run Privileged Tasks.
[[0;32m  OK  [0m] Started LSB: daemon to balance interrupts for SMP systems.
[[0;32m  OK  [0m] Started Accounts Service.
[[0;32m  OK  [0m] Started LSB: automatic crash report generation.
[[0;32m  OK  [0m] Created slice User Slice of vagrant.
         Starting User Manager for UID 1000...
[[0;32m  OK  [0m] Started Session 1 of user vagrant.
[[0;32m  OK  [0m] Started User Manager for UID 1000.
[[0;32m  OK  [0m] Started Snap Daemon.
         Starting Wait until snapd is fully seeded...
[[0;32m  OK  [0m] Started Wait until snapd is fully seeded.
[[0;32m  OK  [0m] Reached target Multi-User System.
[[0;32m  OK  [0m] Reached target Graphical Interface.
         Starting Update UTMP about System Runlevel Changes...
         Starting Apply the settings specified in cloud-config...
[[0;32m  OK  [0m] Started Update UTMP about System Runlevel Changes.

Ubuntu 16.04.7 LTS mydebnginx ttyS0

mydebnginx login: [   40.773416] cloud-init[1408]: Cloud-init v. 21.1-19-gbad84ad4-0ubuntu1~16.04.2 running 'modules:config' at Tue, 05 Nov 2024 18:13:11 +0000. Up 39.45 seconds.
[   47.576010] cloud-init[1496]: Cloud-init v. 21.1-19-gbad84ad4-0ubuntu1~16.04.2 running 'modules:final' at Tue, 05 Nov 2024 18:13:18 +0000. Up 45.63 seconds.
[   47.600227] cloud-init[1496]: Cloud-init v. 21.1-19-gbad84ad4-0ubuntu1~16.04.2 finished at Tue, 05 Nov 2024 18:13:19 +0000. Datasource DataSourceNoCloud [seed=/dev/sdb][dsmode=net].  Up 47.45 seconds
